ARM GAS  /tmp/cct5st2Q.s 			page 1


   1              		.cpu cortex-m0
   2              		.fpu softvfp
   3              		.eabi_attribute 20, 1
   4              		.eabi_attribute 21, 1
   5              		.eabi_attribute 23, 3
   6              		.eabi_attribute 24, 1
   7              		.eabi_attribute 25, 1
   8              		.eabi_attribute 26, 1
   9              		.eabi_attribute 30, 1
  10              		.eabi_attribute 34, 0
  11              		.eabi_attribute 18, 4
  12              		.code	16
  13              		.file	"stm32f0xx_hal_pwr.c"
  14              		.text
  15              	.Ltext0:
  16              		.cfi_sections	.debug_frame
  17              		.section	.text.HAL_PWR_DeInit,"ax",%progbits
  18              		.align	2
  19              		.global	HAL_PWR_DeInit
  20              		.code	16
  21              		.thumb_func
  23              	HAL_PWR_DeInit:
  24              		.fnstart
  25              	.LFB34:
  26              		.file 1 "Drivers/STM32F0xx_HAL_Driver/Src/stm32f0xx_hal_pwr.c"
   1:Drivers/STM32F0xx_HAL_Driver/Src/stm32f0xx_hal_pwr.c **** /**
   2:Drivers/STM32F0xx_HAL_Driver/Src/stm32f0xx_hal_pwr.c ****   ******************************************************************************
   3:Drivers/STM32F0xx_HAL_Driver/Src/stm32f0xx_hal_pwr.c ****   * @file    stm32f0xx_hal_pwr.c
   4:Drivers/STM32F0xx_HAL_Driver/Src/stm32f0xx_hal_pwr.c ****   * @author  MCD Application Team
   5:Drivers/STM32F0xx_HAL_Driver/Src/stm32f0xx_hal_pwr.c ****   * @brief   PWR HAL module driver.
   6:Drivers/STM32F0xx_HAL_Driver/Src/stm32f0xx_hal_pwr.c ****   *          This file provides firmware functions to manage the following
   7:Drivers/STM32F0xx_HAL_Driver/Src/stm32f0xx_hal_pwr.c ****   *          functionalities of the Power Controller (PWR) peripheral:
   8:Drivers/STM32F0xx_HAL_Driver/Src/stm32f0xx_hal_pwr.c ****   *           + Initialization/de-initialization function
   9:Drivers/STM32F0xx_HAL_Driver/Src/stm32f0xx_hal_pwr.c ****   *           + Peripheral Control function
  10:Drivers/STM32F0xx_HAL_Driver/Src/stm32f0xx_hal_pwr.c ****   *
  11:Drivers/STM32F0xx_HAL_Driver/Src/stm32f0xx_hal_pwr.c ****   @verbatim
  12:Drivers/STM32F0xx_HAL_Driver/Src/stm32f0xx_hal_pwr.c ****   ******************************************************************************
  13:Drivers/STM32F0xx_HAL_Driver/Src/stm32f0xx_hal_pwr.c ****   * @attention
  14:Drivers/STM32F0xx_HAL_Driver/Src/stm32f0xx_hal_pwr.c ****   *
  15:Drivers/STM32F0xx_HAL_Driver/Src/stm32f0xx_hal_pwr.c ****   * <h2><center>&copy; COPYRIGHT(c) 2016 STMicroelectronics</center></h2>
  16:Drivers/STM32F0xx_HAL_Driver/Src/stm32f0xx_hal_pwr.c ****   *
  17:Drivers/STM32F0xx_HAL_Driver/Src/stm32f0xx_hal_pwr.c ****   * Redistribution and use in source and binary forms, with or without modification,
  18:Drivers/STM32F0xx_HAL_Driver/Src/stm32f0xx_hal_pwr.c ****   * are permitted provided that the following conditions are met:
  19:Drivers/STM32F0xx_HAL_Driver/Src/stm32f0xx_hal_pwr.c ****   *   1. Redistributions of source code must retain the above copyright notice,
  20:Drivers/STM32F0xx_HAL_Driver/Src/stm32f0xx_hal_pwr.c ****   *      this list of conditions and the following disclaimer.
  21:Drivers/STM32F0xx_HAL_Driver/Src/stm32f0xx_hal_pwr.c ****   *   2. Redistributions in binary form must reproduce the above copyright notice,
  22:Drivers/STM32F0xx_HAL_Driver/Src/stm32f0xx_hal_pwr.c ****   *      this list of conditions and the following disclaimer in the documentation
  23:Drivers/STM32F0xx_HAL_Driver/Src/stm32f0xx_hal_pwr.c ****   *      and/or other materials provided with the distribution.
  24:Drivers/STM32F0xx_HAL_Driver/Src/stm32f0xx_hal_pwr.c ****   *   3. Neither the name of STMicroelectronics nor the names of its contributors
  25:Drivers/STM32F0xx_HAL_Driver/Src/stm32f0xx_hal_pwr.c ****   *      may be used to endorse or promote products derived from this software
  26:Drivers/STM32F0xx_HAL_Driver/Src/stm32f0xx_hal_pwr.c ****   *      without specific prior written permission.
  27:Drivers/STM32F0xx_HAL_Driver/Src/stm32f0xx_hal_pwr.c ****   *
  28:Drivers/STM32F0xx_HAL_Driver/Src/stm32f0xx_hal_pwr.c ****   * THIS SOFTWARE IS PROVIDED BY THE COPYRIGHT HOLDERS AND CONTRIBUTORS "AS IS"
  29:Drivers/STM32F0xx_HAL_Driver/Src/stm32f0xx_hal_pwr.c ****   * AND ANY EXPRESS OR IMPLIED WARRANTIES, INCLUDING, BUT NOT LIMITED TO, THE
  30:Drivers/STM32F0xx_HAL_Driver/Src/stm32f0xx_hal_pwr.c ****   * IMPLIED WARRANTIES OF MERCHANTABILITY AND FITNESS FOR A PARTICULAR PURPOSE ARE
  31:Drivers/STM32F0xx_HAL_Driver/Src/stm32f0xx_hal_pwr.c ****   * DISCLAIMED. IN NO EVENT SHALL THE COPYRIGHT HOLDER OR CONTRIBUTORS BE LIABLE
  32:Drivers/STM32F0xx_HAL_Driver/Src/stm32f0xx_hal_pwr.c ****   * FOR ANY DIRECT, INDIRECT, INCIDENTAL, SPECIAL, EXEMPLARY, OR CONSEQUENTIAL
ARM GAS  /tmp/cct5st2Q.s 			page 2


  33:Drivers/STM32F0xx_HAL_Driver/Src/stm32f0xx_hal_pwr.c ****   * DAMAGES (INCLUDING, BUT NOT LIMITED TO, PROCUREMENT OF SUBSTITUTE GOODS OR
  34:Drivers/STM32F0xx_HAL_Driver/Src/stm32f0xx_hal_pwr.c ****   * SERVICES; LOSS OF USE, DATA, OR PROFITS; OR BUSINESS INTERRUPTION) HOWEVER
  35:Drivers/STM32F0xx_HAL_Driver/Src/stm32f0xx_hal_pwr.c ****   * CAUSED AND ON ANY THEORY OF LIABILITY, WHETHER IN CONTRACT, STRICT LIABILITY,
  36:Drivers/STM32F0xx_HAL_Driver/Src/stm32f0xx_hal_pwr.c ****   * OR TORT (INCLUDING NEGLIGENCE OR OTHERWISE) ARISING IN ANY WAY OUT OF THE USE
  37:Drivers/STM32F0xx_HAL_Driver/Src/stm32f0xx_hal_pwr.c ****   * OF THIS SOFTWARE, EVEN IF ADVISED OF THE POSSIBILITY OF SUCH DAMAGE.
  38:Drivers/STM32F0xx_HAL_Driver/Src/stm32f0xx_hal_pwr.c ****   *
  39:Drivers/STM32F0xx_HAL_Driver/Src/stm32f0xx_hal_pwr.c ****   ******************************************************************************
  40:Drivers/STM32F0xx_HAL_Driver/Src/stm32f0xx_hal_pwr.c ****   */
  41:Drivers/STM32F0xx_HAL_Driver/Src/stm32f0xx_hal_pwr.c **** 
  42:Drivers/STM32F0xx_HAL_Driver/Src/stm32f0xx_hal_pwr.c **** /* Includes ------------------------------------------------------------------*/
  43:Drivers/STM32F0xx_HAL_Driver/Src/stm32f0xx_hal_pwr.c **** #include "stm32f0xx_hal.h"
  44:Drivers/STM32F0xx_HAL_Driver/Src/stm32f0xx_hal_pwr.c **** 
  45:Drivers/STM32F0xx_HAL_Driver/Src/stm32f0xx_hal_pwr.c **** /** @addtogroup STM32F0xx_HAL_Driver
  46:Drivers/STM32F0xx_HAL_Driver/Src/stm32f0xx_hal_pwr.c ****   * @{
  47:Drivers/STM32F0xx_HAL_Driver/Src/stm32f0xx_hal_pwr.c ****   */
  48:Drivers/STM32F0xx_HAL_Driver/Src/stm32f0xx_hal_pwr.c **** 
  49:Drivers/STM32F0xx_HAL_Driver/Src/stm32f0xx_hal_pwr.c **** /** @defgroup PWR PWR
  50:Drivers/STM32F0xx_HAL_Driver/Src/stm32f0xx_hal_pwr.c ****   * @brief PWR HAL module driver
  51:Drivers/STM32F0xx_HAL_Driver/Src/stm32f0xx_hal_pwr.c ****   * @{
  52:Drivers/STM32F0xx_HAL_Driver/Src/stm32f0xx_hal_pwr.c ****   */
  53:Drivers/STM32F0xx_HAL_Driver/Src/stm32f0xx_hal_pwr.c **** 
  54:Drivers/STM32F0xx_HAL_Driver/Src/stm32f0xx_hal_pwr.c **** #ifdef HAL_PWR_MODULE_ENABLED
  55:Drivers/STM32F0xx_HAL_Driver/Src/stm32f0xx_hal_pwr.c **** 
  56:Drivers/STM32F0xx_HAL_Driver/Src/stm32f0xx_hal_pwr.c **** /* Private typedef -----------------------------------------------------------*/
  57:Drivers/STM32F0xx_HAL_Driver/Src/stm32f0xx_hal_pwr.c **** /* Private define ------------------------------------------------------------*/
  58:Drivers/STM32F0xx_HAL_Driver/Src/stm32f0xx_hal_pwr.c **** /* Private macro -------------------------------------------------------------*/
  59:Drivers/STM32F0xx_HAL_Driver/Src/stm32f0xx_hal_pwr.c **** /* Private variables ---------------------------------------------------------*/
  60:Drivers/STM32F0xx_HAL_Driver/Src/stm32f0xx_hal_pwr.c **** /* Private function prototypes -----------------------------------------------*/
  61:Drivers/STM32F0xx_HAL_Driver/Src/stm32f0xx_hal_pwr.c **** /* Private functions ---------------------------------------------------------*/
  62:Drivers/STM32F0xx_HAL_Driver/Src/stm32f0xx_hal_pwr.c **** 
  63:Drivers/STM32F0xx_HAL_Driver/Src/stm32f0xx_hal_pwr.c **** /** @defgroup PWR_Exported_Functions PWR Exported Functions
  64:Drivers/STM32F0xx_HAL_Driver/Src/stm32f0xx_hal_pwr.c ****   * @{
  65:Drivers/STM32F0xx_HAL_Driver/Src/stm32f0xx_hal_pwr.c ****   */
  66:Drivers/STM32F0xx_HAL_Driver/Src/stm32f0xx_hal_pwr.c **** 
  67:Drivers/STM32F0xx_HAL_Driver/Src/stm32f0xx_hal_pwr.c **** /** @defgroup PWR_Exported_Functions_Group1 Initialization and de-initialization functions 
  68:Drivers/STM32F0xx_HAL_Driver/Src/stm32f0xx_hal_pwr.c ****   *  @brief    Initialization and de-initialization functions
  69:Drivers/STM32F0xx_HAL_Driver/Src/stm32f0xx_hal_pwr.c ****   *
  70:Drivers/STM32F0xx_HAL_Driver/Src/stm32f0xx_hal_pwr.c **** @verbatim
  71:Drivers/STM32F0xx_HAL_Driver/Src/stm32f0xx_hal_pwr.c ****  ===============================================================================
  72:Drivers/STM32F0xx_HAL_Driver/Src/stm32f0xx_hal_pwr.c ****               ##### Initialization and de-initialization functions #####
  73:Drivers/STM32F0xx_HAL_Driver/Src/stm32f0xx_hal_pwr.c ****  ===============================================================================
  74:Drivers/STM32F0xx_HAL_Driver/Src/stm32f0xx_hal_pwr.c ****     [..]
  75:Drivers/STM32F0xx_HAL_Driver/Src/stm32f0xx_hal_pwr.c ****       After reset, the backup domain (RTC registers, RTC backup data
  76:Drivers/STM32F0xx_HAL_Driver/Src/stm32f0xx_hal_pwr.c ****       registers) is protected against possible unwanted
  77:Drivers/STM32F0xx_HAL_Driver/Src/stm32f0xx_hal_pwr.c ****       write accesses.
  78:Drivers/STM32F0xx_HAL_Driver/Src/stm32f0xx_hal_pwr.c ****       To enable access to the RTC Domain and RTC registers, proceed as follows:
  79:Drivers/STM32F0xx_HAL_Driver/Src/stm32f0xx_hal_pwr.c ****         (+) Enable the Power Controller (PWR) APB1 interface clock using the
  80:Drivers/STM32F0xx_HAL_Driver/Src/stm32f0xx_hal_pwr.c ****             __HAL_RCC_PWR_CLK_ENABLE() macro.
  81:Drivers/STM32F0xx_HAL_Driver/Src/stm32f0xx_hal_pwr.c ****         (+) Enable access to RTC domain using the HAL_PWR_EnableBkUpAccess() function.
  82:Drivers/STM32F0xx_HAL_Driver/Src/stm32f0xx_hal_pwr.c **** 
  83:Drivers/STM32F0xx_HAL_Driver/Src/stm32f0xx_hal_pwr.c **** @endverbatim
  84:Drivers/STM32F0xx_HAL_Driver/Src/stm32f0xx_hal_pwr.c ****   * @{
  85:Drivers/STM32F0xx_HAL_Driver/Src/stm32f0xx_hal_pwr.c ****   */
  86:Drivers/STM32F0xx_HAL_Driver/Src/stm32f0xx_hal_pwr.c **** 
  87:Drivers/STM32F0xx_HAL_Driver/Src/stm32f0xx_hal_pwr.c **** /**
  88:Drivers/STM32F0xx_HAL_Driver/Src/stm32f0xx_hal_pwr.c ****   * @brief Deinitializes the PWR peripheral registers to their default reset values.
  89:Drivers/STM32F0xx_HAL_Driver/Src/stm32f0xx_hal_pwr.c ****   * @retval None
ARM GAS  /tmp/cct5st2Q.s 			page 3


  90:Drivers/STM32F0xx_HAL_Driver/Src/stm32f0xx_hal_pwr.c ****   */
  91:Drivers/STM32F0xx_HAL_Driver/Src/stm32f0xx_hal_pwr.c **** void HAL_PWR_DeInit(void)
  92:Drivers/STM32F0xx_HAL_Driver/Src/stm32f0xx_hal_pwr.c **** {
  27              		.loc 1 92 0
  28              		.cfi_startproc
  93:Drivers/STM32F0xx_HAL_Driver/Src/stm32f0xx_hal_pwr.c ****   __HAL_RCC_PWR_FORCE_RESET();
  29              		.loc 1 93 0
  30 0000 054B     		ldr	r3, .L2
  31 0002 1A69     		ldr	r2, [r3, #16]
  32 0004 8021     		mov	r1, #128
  33 0006 4905     		lsl	r1, r1, #21
  34 0008 0A43     		orr	r2, r1
  35 000a 1A61     		str	r2, [r3, #16]
  94:Drivers/STM32F0xx_HAL_Driver/Src/stm32f0xx_hal_pwr.c ****   __HAL_RCC_PWR_RELEASE_RESET();
  36              		.loc 1 94 0
  37 000c 1969     		ldr	r1, [r3, #16]
  38 000e 034A     		ldr	r2, .L2+4
  39 0010 0A40     		and	r2, r1
  40 0012 1A61     		str	r2, [r3, #16]
  95:Drivers/STM32F0xx_HAL_Driver/Src/stm32f0xx_hal_pwr.c **** }
  41              		.loc 1 95 0
  42              		@ sp needed
  43 0014 7047     		bx	lr
  44              	.L3:
  45 0016 C046     		.align	2
  46              	.L2:
  47 0018 00100240 		.word	1073876992
  48 001c FFFFFFEF 		.word	-268435457
  49              		.cfi_endproc
  50              	.LFE34:
  51              		.cantunwind
  52              		.fnend
  54              		.section	.text.HAL_PWR_EnableBkUpAccess,"ax",%progbits
  55              		.align	2
  56              		.global	HAL_PWR_EnableBkUpAccess
  57              		.code	16
  58              		.thumb_func
  60              	HAL_PWR_EnableBkUpAccess:
  61              		.fnstart
  62              	.LFB35:
  96:Drivers/STM32F0xx_HAL_Driver/Src/stm32f0xx_hal_pwr.c **** 
  97:Drivers/STM32F0xx_HAL_Driver/Src/stm32f0xx_hal_pwr.c **** /**
  98:Drivers/STM32F0xx_HAL_Driver/Src/stm32f0xx_hal_pwr.c ****   * @brief Enables access to the backup domain (RTC registers, RTC
  99:Drivers/STM32F0xx_HAL_Driver/Src/stm32f0xx_hal_pwr.c ****   *         backup data registers when present).
 100:Drivers/STM32F0xx_HAL_Driver/Src/stm32f0xx_hal_pwr.c ****   * @note  If the HSE divided by 32 is used as the RTC clock, the
 101:Drivers/STM32F0xx_HAL_Driver/Src/stm32f0xx_hal_pwr.c ****   *         Backup Domain Access should be kept enabled.
 102:Drivers/STM32F0xx_HAL_Driver/Src/stm32f0xx_hal_pwr.c ****   * @retval None
 103:Drivers/STM32F0xx_HAL_Driver/Src/stm32f0xx_hal_pwr.c ****   */
 104:Drivers/STM32F0xx_HAL_Driver/Src/stm32f0xx_hal_pwr.c **** void HAL_PWR_EnableBkUpAccess(void)
 105:Drivers/STM32F0xx_HAL_Driver/Src/stm32f0xx_hal_pwr.c **** {
  63              		.loc 1 105 0
  64              		.cfi_startproc
 106:Drivers/STM32F0xx_HAL_Driver/Src/stm32f0xx_hal_pwr.c ****   PWR->CR |= (uint32_t)PWR_CR_DBP;
  65              		.loc 1 106 0
  66 0000 034A     		ldr	r2, .L5
  67 0002 1368     		ldr	r3, [r2]
  68 0004 8021     		mov	r1, #128
ARM GAS  /tmp/cct5st2Q.s 			page 4


  69 0006 4900     		lsl	r1, r1, #1
  70 0008 0B43     		orr	r3, r1
  71 000a 1360     		str	r3, [r2]
 107:Drivers/STM32F0xx_HAL_Driver/Src/stm32f0xx_hal_pwr.c **** }
  72              		.loc 1 107 0
  73              		@ sp needed
  74 000c 7047     		bx	lr
  75              	.L6:
  76 000e C046     		.align	2
  77              	.L5:
  78 0010 00700040 		.word	1073770496
  79              		.cfi_endproc
  80              	.LFE35:
  81              		.cantunwind
  82              		.fnend
  84              		.section	.text.HAL_PWR_DisableBkUpAccess,"ax",%progbits
  85              		.align	2
  86              		.global	HAL_PWR_DisableBkUpAccess
  87              		.code	16
  88              		.thumb_func
  90              	HAL_PWR_DisableBkUpAccess:
  91              		.fnstart
  92              	.LFB36:
 108:Drivers/STM32F0xx_HAL_Driver/Src/stm32f0xx_hal_pwr.c **** 
 109:Drivers/STM32F0xx_HAL_Driver/Src/stm32f0xx_hal_pwr.c **** /**
 110:Drivers/STM32F0xx_HAL_Driver/Src/stm32f0xx_hal_pwr.c ****   * @brief Disables access to the backup domain (RTC registers, RTC
 111:Drivers/STM32F0xx_HAL_Driver/Src/stm32f0xx_hal_pwr.c ****   *         backup data registers when present).
 112:Drivers/STM32F0xx_HAL_Driver/Src/stm32f0xx_hal_pwr.c ****   * @note  If the HSE divided by 32 is used as the RTC clock, the
 113:Drivers/STM32F0xx_HAL_Driver/Src/stm32f0xx_hal_pwr.c ****   *         Backup Domain Access should be kept enabled.
 114:Drivers/STM32F0xx_HAL_Driver/Src/stm32f0xx_hal_pwr.c ****   * @retval None
 115:Drivers/STM32F0xx_HAL_Driver/Src/stm32f0xx_hal_pwr.c ****   */
 116:Drivers/STM32F0xx_HAL_Driver/Src/stm32f0xx_hal_pwr.c **** void HAL_PWR_DisableBkUpAccess(void)
 117:Drivers/STM32F0xx_HAL_Driver/Src/stm32f0xx_hal_pwr.c **** {
  93              		.loc 1 117 0
  94              		.cfi_startproc
 118:Drivers/STM32F0xx_HAL_Driver/Src/stm32f0xx_hal_pwr.c ****   PWR->CR &= ~((uint32_t)PWR_CR_DBP);
  95              		.loc 1 118 0
  96 0000 024A     		ldr	r2, .L8
  97 0002 1168     		ldr	r1, [r2]
  98 0004 024B     		ldr	r3, .L8+4
  99 0006 0B40     		and	r3, r1
 100 0008 1360     		str	r3, [r2]
 119:Drivers/STM32F0xx_HAL_Driver/Src/stm32f0xx_hal_pwr.c **** }
 101              		.loc 1 119 0
 102              		@ sp needed
 103 000a 7047     		bx	lr
 104              	.L9:
 105              		.align	2
 106              	.L8:
 107 000c 00700040 		.word	1073770496
 108 0010 FFFEFFFF 		.word	-257
 109              		.cfi_endproc
 110              	.LFE36:
 111              		.cantunwind
 112              		.fnend
 114              		.section	.text.HAL_PWR_EnableWakeUpPin,"ax",%progbits
 115              		.align	2
ARM GAS  /tmp/cct5st2Q.s 			page 5


 116              		.global	HAL_PWR_EnableWakeUpPin
 117              		.code	16
 118              		.thumb_func
 120              	HAL_PWR_EnableWakeUpPin:
 121              		.fnstart
 122              	.LFB37:
 120:Drivers/STM32F0xx_HAL_Driver/Src/stm32f0xx_hal_pwr.c **** 
 121:Drivers/STM32F0xx_HAL_Driver/Src/stm32f0xx_hal_pwr.c **** /**
 122:Drivers/STM32F0xx_HAL_Driver/Src/stm32f0xx_hal_pwr.c ****   * @}
 123:Drivers/STM32F0xx_HAL_Driver/Src/stm32f0xx_hal_pwr.c ****   */
 124:Drivers/STM32F0xx_HAL_Driver/Src/stm32f0xx_hal_pwr.c **** 
 125:Drivers/STM32F0xx_HAL_Driver/Src/stm32f0xx_hal_pwr.c **** /** @defgroup PWR_Exported_Functions_Group2 Peripheral Control functions 
 126:Drivers/STM32F0xx_HAL_Driver/Src/stm32f0xx_hal_pwr.c ****   *  @brief Low Power modes configuration functions
 127:Drivers/STM32F0xx_HAL_Driver/Src/stm32f0xx_hal_pwr.c ****   *
 128:Drivers/STM32F0xx_HAL_Driver/Src/stm32f0xx_hal_pwr.c **** @verbatim
 129:Drivers/STM32F0xx_HAL_Driver/Src/stm32f0xx_hal_pwr.c **** 
 130:Drivers/STM32F0xx_HAL_Driver/Src/stm32f0xx_hal_pwr.c ****  ===============================================================================
 131:Drivers/STM32F0xx_HAL_Driver/Src/stm32f0xx_hal_pwr.c ****                  ##### Peripheral Control functions #####
 132:Drivers/STM32F0xx_HAL_Driver/Src/stm32f0xx_hal_pwr.c ****  ===============================================================================
 133:Drivers/STM32F0xx_HAL_Driver/Src/stm32f0xx_hal_pwr.c ****     
 134:Drivers/STM32F0xx_HAL_Driver/Src/stm32f0xx_hal_pwr.c ****     *** WakeUp pin configuration ***
 135:Drivers/STM32F0xx_HAL_Driver/Src/stm32f0xx_hal_pwr.c ****     ================================
 136:Drivers/STM32F0xx_HAL_Driver/Src/stm32f0xx_hal_pwr.c ****     [..]
 137:Drivers/STM32F0xx_HAL_Driver/Src/stm32f0xx_hal_pwr.c ****       (+) WakeUp pin is used to wakeup the system from Standby mode. This pin is
 138:Drivers/STM32F0xx_HAL_Driver/Src/stm32f0xx_hal_pwr.c ****           forced in input pull down configuration and is active on rising edges.
 139:Drivers/STM32F0xx_HAL_Driver/Src/stm32f0xx_hal_pwr.c ****       (+) There are two WakeUp pins, and up to eight Wakeup pins on STM32F07x & STM32F09x devices.
 140:Drivers/STM32F0xx_HAL_Driver/Src/stm32f0xx_hal_pwr.c ****          (++)WakeUp Pin 1 on PA.00.
 141:Drivers/STM32F0xx_HAL_Driver/Src/stm32f0xx_hal_pwr.c ****          (++)WakeUp Pin 2 on PC.13.
 142:Drivers/STM32F0xx_HAL_Driver/Src/stm32f0xx_hal_pwr.c ****          (++)WakeUp Pin 3 on PE.06.(STM32F07x/STM32F09x)
 143:Drivers/STM32F0xx_HAL_Driver/Src/stm32f0xx_hal_pwr.c ****          (++)WakeUp Pin 4 on PA.02.(STM32F07x/STM32F09x)
 144:Drivers/STM32F0xx_HAL_Driver/Src/stm32f0xx_hal_pwr.c ****          (++)WakeUp Pin 5 on PC.05.(STM32F07x/STM32F09x)
 145:Drivers/STM32F0xx_HAL_Driver/Src/stm32f0xx_hal_pwr.c ****          (++)WakeUp Pin 6 on PB.05.(STM32F07x/STM32F09x)
 146:Drivers/STM32F0xx_HAL_Driver/Src/stm32f0xx_hal_pwr.c ****          (++)WakeUp Pin 7 on PB.15.(STM32F07x/STM32F09x)
 147:Drivers/STM32F0xx_HAL_Driver/Src/stm32f0xx_hal_pwr.c ****          (++)WakeUp Pin 8 on PF.02.(STM32F07x/STM32F09x)
 148:Drivers/STM32F0xx_HAL_Driver/Src/stm32f0xx_hal_pwr.c **** 
 149:Drivers/STM32F0xx_HAL_Driver/Src/stm32f0xx_hal_pwr.c ****     *** Low Power modes configuration ***
 150:Drivers/STM32F0xx_HAL_Driver/Src/stm32f0xx_hal_pwr.c ****     =====================================
 151:Drivers/STM32F0xx_HAL_Driver/Src/stm32f0xx_hal_pwr.c ****     [..]
 152:Drivers/STM32F0xx_HAL_Driver/Src/stm32f0xx_hal_pwr.c ****       The devices feature 3 low-power modes:
 153:Drivers/STM32F0xx_HAL_Driver/Src/stm32f0xx_hal_pwr.c ****       (+) Sleep mode: Cortex-M0 core stopped, peripherals kept running.
 154:Drivers/STM32F0xx_HAL_Driver/Src/stm32f0xx_hal_pwr.c ****       (+) Stop mode: all clocks are stopped, regulator running, regulator
 155:Drivers/STM32F0xx_HAL_Driver/Src/stm32f0xx_hal_pwr.c ****           in low power mode
 156:Drivers/STM32F0xx_HAL_Driver/Src/stm32f0xx_hal_pwr.c ****       (+) Standby mode: 1.2V domain powered off (mode not available on STM32F0x8 devices).
 157:Drivers/STM32F0xx_HAL_Driver/Src/stm32f0xx_hal_pwr.c **** 
 158:Drivers/STM32F0xx_HAL_Driver/Src/stm32f0xx_hal_pwr.c ****    *** Sleep mode ***
 159:Drivers/STM32F0xx_HAL_Driver/Src/stm32f0xx_hal_pwr.c ****    ==================
 160:Drivers/STM32F0xx_HAL_Driver/Src/stm32f0xx_hal_pwr.c ****     [..]
 161:Drivers/STM32F0xx_HAL_Driver/Src/stm32f0xx_hal_pwr.c ****       (+) Entry:
 162:Drivers/STM32F0xx_HAL_Driver/Src/stm32f0xx_hal_pwr.c ****           The Sleep mode is entered by using the HAL_PWR_EnterSLEEPMode(PWR_MAINREGULATOR_ON, PWR_S
 163:Drivers/STM32F0xx_HAL_Driver/Src/stm32f0xx_hal_pwr.c ****               functions with
 164:Drivers/STM32F0xx_HAL_Driver/Src/stm32f0xx_hal_pwr.c ****           (++) PWR_SLEEPENTRY_WFI: enter SLEEP mode with WFI instruction
 165:Drivers/STM32F0xx_HAL_Driver/Src/stm32f0xx_hal_pwr.c ****           (++) PWR_SLEEPENTRY_WFE: enter SLEEP mode with WFE instruction
 166:Drivers/STM32F0xx_HAL_Driver/Src/stm32f0xx_hal_pwr.c ****      
 167:Drivers/STM32F0xx_HAL_Driver/Src/stm32f0xx_hal_pwr.c ****       (+) Exit:
 168:Drivers/STM32F0xx_HAL_Driver/Src/stm32f0xx_hal_pwr.c ****         (++) Any peripheral interrupt acknowledged by the nested vectored interrupt
 169:Drivers/STM32F0xx_HAL_Driver/Src/stm32f0xx_hal_pwr.c ****               controller (NVIC) can wake up the device from Sleep mode.
 170:Drivers/STM32F0xx_HAL_Driver/Src/stm32f0xx_hal_pwr.c **** 
ARM GAS  /tmp/cct5st2Q.s 			page 6


 171:Drivers/STM32F0xx_HAL_Driver/Src/stm32f0xx_hal_pwr.c ****    *** Stop mode ***
 172:Drivers/STM32F0xx_HAL_Driver/Src/stm32f0xx_hal_pwr.c ****    =================
 173:Drivers/STM32F0xx_HAL_Driver/Src/stm32f0xx_hal_pwr.c ****     [..]
 174:Drivers/STM32F0xx_HAL_Driver/Src/stm32f0xx_hal_pwr.c ****       In Stop mode, all clocks in the 1.8V domain are stopped, the PLL, the HSI,
 175:Drivers/STM32F0xx_HAL_Driver/Src/stm32f0xx_hal_pwr.c ****       and the HSE RC oscillators are disabled. Internal SRAM and register contents
 176:Drivers/STM32F0xx_HAL_Driver/Src/stm32f0xx_hal_pwr.c ****       are preserved.
 177:Drivers/STM32F0xx_HAL_Driver/Src/stm32f0xx_hal_pwr.c ****       The voltage regulator can be configured either in normal or low-power mode.
 178:Drivers/STM32F0xx_HAL_Driver/Src/stm32f0xx_hal_pwr.c ****       To minimize the consumption.
 179:Drivers/STM32F0xx_HAL_Driver/Src/stm32f0xx_hal_pwr.c **** 
 180:Drivers/STM32F0xx_HAL_Driver/Src/stm32f0xx_hal_pwr.c ****       (+) Entry:
 181:Drivers/STM32F0xx_HAL_Driver/Src/stm32f0xx_hal_pwr.c ****           The Stop mode is entered using the HAL_PWR_EnterSTOPMode(PWR_MAINREGULATOR_ON, PWR_STOPEN
 182:Drivers/STM32F0xx_HAL_Driver/Src/stm32f0xx_hal_pwr.c ****              function with:
 183:Drivers/STM32F0xx_HAL_Driver/Src/stm32f0xx_hal_pwr.c ****           (++) Main regulator ON.
 184:Drivers/STM32F0xx_HAL_Driver/Src/stm32f0xx_hal_pwr.c ****           (++) Low Power regulator ON.
 185:Drivers/STM32F0xx_HAL_Driver/Src/stm32f0xx_hal_pwr.c ****           (++) PWR_STOPENTRY_WFI: enter STOP mode with WFI instruction
 186:Drivers/STM32F0xx_HAL_Driver/Src/stm32f0xx_hal_pwr.c ****           (++) PWR_STOPENTRY_WFE: enter STOP mode with WFE instruction
 187:Drivers/STM32F0xx_HAL_Driver/Src/stm32f0xx_hal_pwr.c ****       (+) Exit:
 188:Drivers/STM32F0xx_HAL_Driver/Src/stm32f0xx_hal_pwr.c ****           (++) Any EXTI Line (Internal or External) configured in Interrupt/Event mode.
 189:Drivers/STM32F0xx_HAL_Driver/Src/stm32f0xx_hal_pwr.c ****           (++) Some specific communication peripherals (CEC, USART, I2C) interrupts, 
 190:Drivers/STM32F0xx_HAL_Driver/Src/stm32f0xx_hal_pwr.c ****                when programmed in wakeup mode (the peripheral must be 
 191:Drivers/STM32F0xx_HAL_Driver/Src/stm32f0xx_hal_pwr.c ****                programmed in wakeup mode and the corresponding interrupt vector 
 192:Drivers/STM32F0xx_HAL_Driver/Src/stm32f0xx_hal_pwr.c ****                must be enabled in the NVIC)
 193:Drivers/STM32F0xx_HAL_Driver/Src/stm32f0xx_hal_pwr.c **** 
 194:Drivers/STM32F0xx_HAL_Driver/Src/stm32f0xx_hal_pwr.c ****    *** Standby mode ***
 195:Drivers/STM32F0xx_HAL_Driver/Src/stm32f0xx_hal_pwr.c ****    ====================
 196:Drivers/STM32F0xx_HAL_Driver/Src/stm32f0xx_hal_pwr.c ****      [..]
 197:Drivers/STM32F0xx_HAL_Driver/Src/stm32f0xx_hal_pwr.c ****       The Standby mode allows to achieve the lowest power consumption. It is based
 198:Drivers/STM32F0xx_HAL_Driver/Src/stm32f0xx_hal_pwr.c ****       on the Cortex-M0 deep sleep mode, with the voltage regulator disabled.
 199:Drivers/STM32F0xx_HAL_Driver/Src/stm32f0xx_hal_pwr.c ****       The 1.8V domain is consequently powered off. The PLL, the HSI oscillator and
 200:Drivers/STM32F0xx_HAL_Driver/Src/stm32f0xx_hal_pwr.c ****       the HSE oscillator are also switched off. SRAM and register contents are lost
 201:Drivers/STM32F0xx_HAL_Driver/Src/stm32f0xx_hal_pwr.c ****       except for the RTC registers, RTC backup registers and Standby circuitry.
 202:Drivers/STM32F0xx_HAL_Driver/Src/stm32f0xx_hal_pwr.c ****       The voltage regulator is OFF.
 203:Drivers/STM32F0xx_HAL_Driver/Src/stm32f0xx_hal_pwr.c **** 
 204:Drivers/STM32F0xx_HAL_Driver/Src/stm32f0xx_hal_pwr.c ****       (+) Entry:
 205:Drivers/STM32F0xx_HAL_Driver/Src/stm32f0xx_hal_pwr.c ****           (++) The Standby mode is entered using the HAL_PWR_EnterSTANDBYMode() function.
 206:Drivers/STM32F0xx_HAL_Driver/Src/stm32f0xx_hal_pwr.c ****       (+) Exit:
 207:Drivers/STM32F0xx_HAL_Driver/Src/stm32f0xx_hal_pwr.c ****           (++) WKUP pin rising edge, RTC alarm (Alarm A), RTC wakeup,
 208:Drivers/STM32F0xx_HAL_Driver/Src/stm32f0xx_hal_pwr.c ****                tamper event, time-stamp event, external reset in NRST pin, IWDG reset.
 209:Drivers/STM32F0xx_HAL_Driver/Src/stm32f0xx_hal_pwr.c **** 
 210:Drivers/STM32F0xx_HAL_Driver/Src/stm32f0xx_hal_pwr.c ****    *** Auto-wakeup (AWU) from low-power mode ***
 211:Drivers/STM32F0xx_HAL_Driver/Src/stm32f0xx_hal_pwr.c ****    =============================================
 212:Drivers/STM32F0xx_HAL_Driver/Src/stm32f0xx_hal_pwr.c ****     [..]
 213:Drivers/STM32F0xx_HAL_Driver/Src/stm32f0xx_hal_pwr.c ****       The MCU can be woken up from low-power mode by an RTC Alarm event, an RTC
 214:Drivers/STM32F0xx_HAL_Driver/Src/stm32f0xx_hal_pwr.c ****       Wakeup event, a tamper event, a time-stamp event, or a comparator event, 
 215:Drivers/STM32F0xx_HAL_Driver/Src/stm32f0xx_hal_pwr.c ****       without depending on an external interrupt (Auto-wakeup mode).
 216:Drivers/STM32F0xx_HAL_Driver/Src/stm32f0xx_hal_pwr.c **** 
 217:Drivers/STM32F0xx_HAL_Driver/Src/stm32f0xx_hal_pwr.c ****     (+) RTC auto-wakeup (AWU) from the Stop and Standby modes
 218:Drivers/STM32F0xx_HAL_Driver/Src/stm32f0xx_hal_pwr.c **** 
 219:Drivers/STM32F0xx_HAL_Driver/Src/stm32f0xx_hal_pwr.c ****       (++) To wake up from the Stop mode with an RTC alarm event, it is necessary to
 220:Drivers/STM32F0xx_HAL_Driver/Src/stm32f0xx_hal_pwr.c ****             configure the RTC to generate the RTC alarm using the HAL_RTC_SetAlarm_IT() function.
 221:Drivers/STM32F0xx_HAL_Driver/Src/stm32f0xx_hal_pwr.c **** 
 222:Drivers/STM32F0xx_HAL_Driver/Src/stm32f0xx_hal_pwr.c ****       (++) To wake up from the Stop mode with an RTC Tamper or time stamp event, it
 223:Drivers/STM32F0xx_HAL_Driver/Src/stm32f0xx_hal_pwr.c ****            is necessary to configure the RTC to detect the tamper or time stamp event using the
 224:Drivers/STM32F0xx_HAL_Driver/Src/stm32f0xx_hal_pwr.c ****            HAL_RTC_SetTimeStamp_IT() or HAL_RTC_SetTamper_IT() functions.
 225:Drivers/STM32F0xx_HAL_Driver/Src/stm32f0xx_hal_pwr.c **** 
 226:Drivers/STM32F0xx_HAL_Driver/Src/stm32f0xx_hal_pwr.c ****       (++) To wake up from the Stop mode with an RTC WakeUp event, it is necessary to
 227:Drivers/STM32F0xx_HAL_Driver/Src/stm32f0xx_hal_pwr.c ****            configure the RTC to generate the RTC WakeUp event using the HAL_RTC_SetWakeUpTimer_IT()
ARM GAS  /tmp/cct5st2Q.s 			page 7


 228:Drivers/STM32F0xx_HAL_Driver/Src/stm32f0xx_hal_pwr.c **** 
 229:Drivers/STM32F0xx_HAL_Driver/Src/stm32f0xx_hal_pwr.c ****     (+) Comparator auto-wakeup (AWU) from the Stop mode
 230:Drivers/STM32F0xx_HAL_Driver/Src/stm32f0xx_hal_pwr.c **** 
 231:Drivers/STM32F0xx_HAL_Driver/Src/stm32f0xx_hal_pwr.c ****       (++) To wake up from the Stop mode with a comparator wakeup event, it is necessary to:
 232:Drivers/STM32F0xx_HAL_Driver/Src/stm32f0xx_hal_pwr.c ****            (+++) Configure the EXTI Line associated with the comparator (example EXTI Line 22 for c
 233:Drivers/STM32F0xx_HAL_Driver/Src/stm32f0xx_hal_pwr.c ****                  to be sensitive to to the selected edges (falling, rising or falling 
 234:Drivers/STM32F0xx_HAL_Driver/Src/stm32f0xx_hal_pwr.c ****                  and rising) (Interrupt or Event modes) using the EXTI_Init() function.
 235:Drivers/STM32F0xx_HAL_Driver/Src/stm32f0xx_hal_pwr.c ****            (+++) Configure the comparator to generate the event.      
 236:Drivers/STM32F0xx_HAL_Driver/Src/stm32f0xx_hal_pwr.c **** @endverbatim
 237:Drivers/STM32F0xx_HAL_Driver/Src/stm32f0xx_hal_pwr.c ****   * @{
 238:Drivers/STM32F0xx_HAL_Driver/Src/stm32f0xx_hal_pwr.c ****   */
 239:Drivers/STM32F0xx_HAL_Driver/Src/stm32f0xx_hal_pwr.c **** 
 240:Drivers/STM32F0xx_HAL_Driver/Src/stm32f0xx_hal_pwr.c **** /**
 241:Drivers/STM32F0xx_HAL_Driver/Src/stm32f0xx_hal_pwr.c ****   * @brief Enables the WakeUp PINx functionality.
 242:Drivers/STM32F0xx_HAL_Driver/Src/stm32f0xx_hal_pwr.c ****   * @param WakeUpPinx Specifies the Power Wake-Up pin to enable.
 243:Drivers/STM32F0xx_HAL_Driver/Src/stm32f0xx_hal_pwr.c ****   *         This parameter can be value of :
 244:Drivers/STM32F0xx_HAL_Driver/Src/stm32f0xx_hal_pwr.c ****   *           @ref PWREx_WakeUp_Pins
 245:Drivers/STM32F0xx_HAL_Driver/Src/stm32f0xx_hal_pwr.c ****   * @retval None
 246:Drivers/STM32F0xx_HAL_Driver/Src/stm32f0xx_hal_pwr.c ****   */
 247:Drivers/STM32F0xx_HAL_Driver/Src/stm32f0xx_hal_pwr.c **** void HAL_PWR_EnableWakeUpPin(uint32_t WakeUpPinx)
 248:Drivers/STM32F0xx_HAL_Driver/Src/stm32f0xx_hal_pwr.c **** {
 123              		.loc 1 248 0
 124              		.cfi_startproc
 125              	.LVL0:
 249:Drivers/STM32F0xx_HAL_Driver/Src/stm32f0xx_hal_pwr.c ****   /* Check the parameters */
 250:Drivers/STM32F0xx_HAL_Driver/Src/stm32f0xx_hal_pwr.c ****   assert_param(IS_PWR_WAKEUP_PIN(WakeUpPinx));
 251:Drivers/STM32F0xx_HAL_Driver/Src/stm32f0xx_hal_pwr.c ****   /* Enable the EWUPx pin */
 252:Drivers/STM32F0xx_HAL_Driver/Src/stm32f0xx_hal_pwr.c ****   SET_BIT(PWR->CSR, WakeUpPinx);
 126              		.loc 1 252 0
 127 0000 024B     		ldr	r3, .L11
 128 0002 5A68     		ldr	r2, [r3, #4]
 129 0004 1043     		orr	r0, r2
 130              	.LVL1:
 131 0006 5860     		str	r0, [r3, #4]
 253:Drivers/STM32F0xx_HAL_Driver/Src/stm32f0xx_hal_pwr.c **** }
 132              		.loc 1 253 0
 133              		@ sp needed
 134 0008 7047     		bx	lr
 135              	.L12:
 136 000a C046     		.align	2
 137              	.L11:
 138 000c 00700040 		.word	1073770496
 139              		.cfi_endproc
 140              	.LFE37:
 141              		.cantunwind
 142              		.fnend
 144              		.section	.text.HAL_PWR_DisableWakeUpPin,"ax",%progbits
 145              		.align	2
 146              		.global	HAL_PWR_DisableWakeUpPin
 147              		.code	16
 148              		.thumb_func
 150              	HAL_PWR_DisableWakeUpPin:
 151              		.fnstart
 152              	.LFB38:
 254:Drivers/STM32F0xx_HAL_Driver/Src/stm32f0xx_hal_pwr.c **** 
 255:Drivers/STM32F0xx_HAL_Driver/Src/stm32f0xx_hal_pwr.c **** /**
 256:Drivers/STM32F0xx_HAL_Driver/Src/stm32f0xx_hal_pwr.c ****   * @brief Disables the WakeUp PINx functionality.
ARM GAS  /tmp/cct5st2Q.s 			page 8


 257:Drivers/STM32F0xx_HAL_Driver/Src/stm32f0xx_hal_pwr.c ****   * @param WakeUpPinx Specifies the Power Wake-Up pin to disable.
 258:Drivers/STM32F0xx_HAL_Driver/Src/stm32f0xx_hal_pwr.c ****   *         This parameter can be values of :
 259:Drivers/STM32F0xx_HAL_Driver/Src/stm32f0xx_hal_pwr.c ****   *           @ref PWREx_WakeUp_Pins
 260:Drivers/STM32F0xx_HAL_Driver/Src/stm32f0xx_hal_pwr.c ****   * @retval None
 261:Drivers/STM32F0xx_HAL_Driver/Src/stm32f0xx_hal_pwr.c ****   */
 262:Drivers/STM32F0xx_HAL_Driver/Src/stm32f0xx_hal_pwr.c **** void HAL_PWR_DisableWakeUpPin(uint32_t WakeUpPinx)
 263:Drivers/STM32F0xx_HAL_Driver/Src/stm32f0xx_hal_pwr.c **** {
 153              		.loc 1 263 0
 154              		.cfi_startproc
 155              	.LVL2:
 264:Drivers/STM32F0xx_HAL_Driver/Src/stm32f0xx_hal_pwr.c ****   /* Check the parameters */
 265:Drivers/STM32F0xx_HAL_Driver/Src/stm32f0xx_hal_pwr.c ****   assert_param(IS_PWR_WAKEUP_PIN(WakeUpPinx));
 266:Drivers/STM32F0xx_HAL_Driver/Src/stm32f0xx_hal_pwr.c ****   /* Disable the EWUPx pin */
 267:Drivers/STM32F0xx_HAL_Driver/Src/stm32f0xx_hal_pwr.c ****   CLEAR_BIT(PWR->CSR, WakeUpPinx);
 156              		.loc 1 267 0
 157 0000 024A     		ldr	r2, .L14
 158 0002 5368     		ldr	r3, [r2, #4]
 159 0004 8343     		bic	r3, r0
 160 0006 5360     		str	r3, [r2, #4]
 268:Drivers/STM32F0xx_HAL_Driver/Src/stm32f0xx_hal_pwr.c **** }
 161              		.loc 1 268 0
 162              		@ sp needed
 163 0008 7047     		bx	lr
 164              	.L15:
 165 000a C046     		.align	2
 166              	.L14:
 167 000c 00700040 		.word	1073770496
 168              		.cfi_endproc
 169              	.LFE38:
 170              		.cantunwind
 171              		.fnend
 173              		.section	.text.HAL_PWR_EnterSLEEPMode,"ax",%progbits
 174              		.align	2
 175              		.global	HAL_PWR_EnterSLEEPMode
 176              		.code	16
 177              		.thumb_func
 179              	HAL_PWR_EnterSLEEPMode:
 180              		.fnstart
 181              	.LFB39:
 269:Drivers/STM32F0xx_HAL_Driver/Src/stm32f0xx_hal_pwr.c **** 
 270:Drivers/STM32F0xx_HAL_Driver/Src/stm32f0xx_hal_pwr.c **** /**
 271:Drivers/STM32F0xx_HAL_Driver/Src/stm32f0xx_hal_pwr.c ****   * @brief Enters Sleep mode.
 272:Drivers/STM32F0xx_HAL_Driver/Src/stm32f0xx_hal_pwr.c ****   * @note  In Sleep mode, all I/O pins keep the same state as in Run mode.
 273:Drivers/STM32F0xx_HAL_Driver/Src/stm32f0xx_hal_pwr.c ****   * @param Regulator Specifies the regulator state in SLEEP mode.
 274:Drivers/STM32F0xx_HAL_Driver/Src/stm32f0xx_hal_pwr.c ****   *           On STM32F0 devices, this parameter is a dummy value and it is ignored
 275:Drivers/STM32F0xx_HAL_Driver/Src/stm32f0xx_hal_pwr.c ****   *           as regulator can't be modified in this mode. Parameter is kept for platform
 276:Drivers/STM32F0xx_HAL_Driver/Src/stm32f0xx_hal_pwr.c ****   *           compatibility.
 277:Drivers/STM32F0xx_HAL_Driver/Src/stm32f0xx_hal_pwr.c ****   * @param SLEEPEntry Specifies if SLEEP mode is entered with WFI or WFE instruction.
 278:Drivers/STM32F0xx_HAL_Driver/Src/stm32f0xx_hal_pwr.c ****   *           When WFI entry is used, tick interrupt have to be disabled if not desired as 
 279:Drivers/STM32F0xx_HAL_Driver/Src/stm32f0xx_hal_pwr.c ****   *           the interrupt wake up source.
 280:Drivers/STM32F0xx_HAL_Driver/Src/stm32f0xx_hal_pwr.c ****   *           This parameter can be one of the following values:
 281:Drivers/STM32F0xx_HAL_Driver/Src/stm32f0xx_hal_pwr.c ****   *            @arg PWR_SLEEPENTRY_WFI: enter SLEEP mode with WFI instruction
 282:Drivers/STM32F0xx_HAL_Driver/Src/stm32f0xx_hal_pwr.c ****   *            @arg PWR_SLEEPENTRY_WFE: enter SLEEP mode with WFE instruction
 283:Drivers/STM32F0xx_HAL_Driver/Src/stm32f0xx_hal_pwr.c ****   * @retval None
 284:Drivers/STM32F0xx_HAL_Driver/Src/stm32f0xx_hal_pwr.c ****   */
 285:Drivers/STM32F0xx_HAL_Driver/Src/stm32f0xx_hal_pwr.c **** void HAL_PWR_EnterSLEEPMode(uint32_t Regulator, uint8_t SLEEPEntry)
 286:Drivers/STM32F0xx_HAL_Driver/Src/stm32f0xx_hal_pwr.c **** {
ARM GAS  /tmp/cct5st2Q.s 			page 9


 182              		.loc 1 286 0
 183              		.cfi_startproc
 184              	.LVL3:
 287:Drivers/STM32F0xx_HAL_Driver/Src/stm32f0xx_hal_pwr.c ****   /* Check the parameters */
 288:Drivers/STM32F0xx_HAL_Driver/Src/stm32f0xx_hal_pwr.c ****   assert_param(IS_PWR_REGULATOR(Regulator));
 289:Drivers/STM32F0xx_HAL_Driver/Src/stm32f0xx_hal_pwr.c ****   assert_param(IS_PWR_SLEEP_ENTRY(SLEEPEntry));
 290:Drivers/STM32F0xx_HAL_Driver/Src/stm32f0xx_hal_pwr.c **** 
 291:Drivers/STM32F0xx_HAL_Driver/Src/stm32f0xx_hal_pwr.c ****   /* Clear SLEEPDEEP bit of Cortex System Control Register */
 292:Drivers/STM32F0xx_HAL_Driver/Src/stm32f0xx_hal_pwr.c ****   SCB->SCR &= (uint32_t)~((uint32_t)SCB_SCR_SLEEPDEEP_Msk);
 185              		.loc 1 292 0
 186 0000 064A     		ldr	r2, .L19
 187 0002 1369     		ldr	r3, [r2, #16]
 188 0004 0420     		mov	r0, #4
 189              	.LVL4:
 190 0006 8343     		bic	r3, r0
 191 0008 1361     		str	r3, [r2, #16]
 293:Drivers/STM32F0xx_HAL_Driver/Src/stm32f0xx_hal_pwr.c **** 
 294:Drivers/STM32F0xx_HAL_Driver/Src/stm32f0xx_hal_pwr.c ****   /* Select SLEEP mode entry -------------------------------------------------*/
 295:Drivers/STM32F0xx_HAL_Driver/Src/stm32f0xx_hal_pwr.c ****   if(SLEEPEntry == PWR_SLEEPENTRY_WFI)
 192              		.loc 1 295 0
 193 000a 0129     		cmp	r1, #1
 194 000c 01D1     		bne	.L17
 195              	.LBB21:
 196              	.LBB22:
 197              		.file 2 "Drivers/CMSIS/Include/cmsis_gcc.h"
   1:Drivers/CMSIS/Include/cmsis_gcc.h **** /**************************************************************************//**
   2:Drivers/CMSIS/Include/cmsis_gcc.h ****  * @file     cmsis_gcc.h
   3:Drivers/CMSIS/Include/cmsis_gcc.h ****  * @brief    CMSIS Cortex-M Core Function/Instruction Header File
   4:Drivers/CMSIS/Include/cmsis_gcc.h ****  * @version  V4.30
   5:Drivers/CMSIS/Include/cmsis_gcc.h ****  * @date     20. October 2015
   6:Drivers/CMSIS/Include/cmsis_gcc.h ****  ******************************************************************************/
   7:Drivers/CMSIS/Include/cmsis_gcc.h **** /* Copyright (c) 2009 - 2015 ARM LIMITED
   8:Drivers/CMSIS/Include/cmsis_gcc.h **** 
   9:Drivers/CMSIS/Include/cmsis_gcc.h ****    All rights reserved.
  10:Drivers/CMSIS/Include/cmsis_gcc.h ****    Redistribution and use in source and binary forms, with or without
  11:Drivers/CMSIS/Include/cmsis_gcc.h ****    modification, are permitted provided that the following conditions are met:
  12:Drivers/CMSIS/Include/cmsis_gcc.h ****    - Redistributions of source code must retain the above copyright
  13:Drivers/CMSIS/Include/cmsis_gcc.h ****      notice, this list of conditions and the following disclaimer.
  14:Drivers/CMSIS/Include/cmsis_gcc.h ****    - Redistributions in binary form must reproduce the above copyright
  15:Drivers/CMSIS/Include/cmsis_gcc.h ****      notice, this list of conditions and the following disclaimer in the
  16:Drivers/CMSIS/Include/cmsis_gcc.h ****      documentation and/or other materials provided with the distribution.
  17:Drivers/CMSIS/Include/cmsis_gcc.h ****    - Neither the name of ARM nor the names of its contributors may be used
  18:Drivers/CMSIS/Include/cmsis_gcc.h ****      to endorse or promote products derived from this software without
  19:Drivers/CMSIS/Include/cmsis_gcc.h ****      specific prior written permission.
  20:Drivers/CMSIS/Include/cmsis_gcc.h ****    *
  21:Drivers/CMSIS/Include/cmsis_gcc.h ****    THIS SOFTWARE IS PROVIDED BY THE COPYRIGHT HOLDERS AND CONTRIBUTORS "AS IS"
  22:Drivers/CMSIS/Include/cmsis_gcc.h ****    AND ANY EXPRESS OR IMPLIED WARRANTIES, INCLUDING, BUT NOT LIMITED TO, THE
  23:Drivers/CMSIS/Include/cmsis_gcc.h ****    IMPLIED WARRANTIES OF MERCHANTABILITY AND FITNESS FOR A PARTICULAR PURPOSE
  24:Drivers/CMSIS/Include/cmsis_gcc.h ****    ARE DISCLAIMED. IN NO EVENT SHALL COPYRIGHT HOLDERS AND CONTRIBUTORS BE
  25:Drivers/CMSIS/Include/cmsis_gcc.h ****    LIABLE FOR ANY DIRECT, INDIRECT, INCIDENTAL, SPECIAL, EXEMPLARY, OR
  26:Drivers/CMSIS/Include/cmsis_gcc.h ****    CONSEQUENTIAL DAMAGES (INCLUDING, BUT NOT LIMITED TO, PROCUREMENT OF
  27:Drivers/CMSIS/Include/cmsis_gcc.h ****    SUBSTITUTE GOODS OR SERVICES; LOSS OF USE, DATA, OR PROFITS; OR BUSINESS
  28:Drivers/CMSIS/Include/cmsis_gcc.h ****    INTERRUPTION) HOWEVER CAUSED AND ON ANY THEORY OF LIABILITY, WHETHER IN
  29:Drivers/CMSIS/Include/cmsis_gcc.h ****    CONTRACT, STRICT LIABILITY, OR TORT (INCLUDING NEGLIGENCE OR OTHERWISE)
  30:Drivers/CMSIS/Include/cmsis_gcc.h ****    ARISING IN ANY WAY OUT OF THE USE OF THIS SOFTWARE, EVEN IF ADVISED OF THE
  31:Drivers/CMSIS/Include/cmsis_gcc.h ****    POSSIBILITY OF SUCH DAMAGE.
  32:Drivers/CMSIS/Include/cmsis_gcc.h ****    ---------------------------------------------------------------------------*/
ARM GAS  /tmp/cct5st2Q.s 			page 10


  33:Drivers/CMSIS/Include/cmsis_gcc.h **** 
  34:Drivers/CMSIS/Include/cmsis_gcc.h **** 
  35:Drivers/CMSIS/Include/cmsis_gcc.h **** #ifndef __CMSIS_GCC_H
  36:Drivers/CMSIS/Include/cmsis_gcc.h **** #define __CMSIS_GCC_H
  37:Drivers/CMSIS/Include/cmsis_gcc.h **** 
  38:Drivers/CMSIS/Include/cmsis_gcc.h **** /* ignore some GCC warnings */
  39:Drivers/CMSIS/Include/cmsis_gcc.h **** #if defined ( __GNUC__ )
  40:Drivers/CMSIS/Include/cmsis_gcc.h **** #pragma GCC diagnostic push
  41:Drivers/CMSIS/Include/cmsis_gcc.h **** #pragma GCC diagnostic ignored "-Wsign-conversion"
  42:Drivers/CMSIS/Include/cmsis_gcc.h **** #pragma GCC diagnostic ignored "-Wconversion"
  43:Drivers/CMSIS/Include/cmsis_gcc.h **** #pragma GCC diagnostic ignored "-Wunused-parameter"
  44:Drivers/CMSIS/Include/cmsis_gcc.h **** #endif
  45:Drivers/CMSIS/Include/cmsis_gcc.h **** 
  46:Drivers/CMSIS/Include/cmsis_gcc.h **** 
  47:Drivers/CMSIS/Include/cmsis_gcc.h **** /* ###########################  Core Function Access  ########################### */
  48:Drivers/CMSIS/Include/cmsis_gcc.h **** /** \ingroup  CMSIS_Core_FunctionInterface
  49:Drivers/CMSIS/Include/cmsis_gcc.h ****     \defgroup CMSIS_Core_RegAccFunctions CMSIS Core Register Access Functions
  50:Drivers/CMSIS/Include/cmsis_gcc.h ****   @{
  51:Drivers/CMSIS/Include/cmsis_gcc.h ****  */
  52:Drivers/CMSIS/Include/cmsis_gcc.h **** 
  53:Drivers/CMSIS/Include/cmsis_gcc.h **** /**
  54:Drivers/CMSIS/Include/cmsis_gcc.h ****   \brief   Enable IRQ Interrupts
  55:Drivers/CMSIS/Include/cmsis_gcc.h ****   \details Enables IRQ interrupts by clearing the I-bit in the CPSR.
  56:Drivers/CMSIS/Include/cmsis_gcc.h ****            Can only be executed in Privileged modes.
  57:Drivers/CMSIS/Include/cmsis_gcc.h ****  */
  58:Drivers/CMSIS/Include/cmsis_gcc.h **** __attribute__( ( always_inline ) ) __STATIC_INLINE void __enable_irq(void)
  59:Drivers/CMSIS/Include/cmsis_gcc.h **** {
  60:Drivers/CMSIS/Include/cmsis_gcc.h ****   __ASM volatile ("cpsie i" : : : "memory");
  61:Drivers/CMSIS/Include/cmsis_gcc.h **** }
  62:Drivers/CMSIS/Include/cmsis_gcc.h **** 
  63:Drivers/CMSIS/Include/cmsis_gcc.h **** 
  64:Drivers/CMSIS/Include/cmsis_gcc.h **** /**
  65:Drivers/CMSIS/Include/cmsis_gcc.h ****   \brief   Disable IRQ Interrupts
  66:Drivers/CMSIS/Include/cmsis_gcc.h ****   \details Disables IRQ interrupts by setting the I-bit in the CPSR.
  67:Drivers/CMSIS/Include/cmsis_gcc.h ****   Can only be executed in Privileged modes.
  68:Drivers/CMSIS/Include/cmsis_gcc.h ****  */
  69:Drivers/CMSIS/Include/cmsis_gcc.h **** __attribute__( ( always_inline ) ) __STATIC_INLINE void __disable_irq(void)
  70:Drivers/CMSIS/Include/cmsis_gcc.h **** {
  71:Drivers/CMSIS/Include/cmsis_gcc.h ****   __ASM volatile ("cpsid i" : : : "memory");
  72:Drivers/CMSIS/Include/cmsis_gcc.h **** }
  73:Drivers/CMSIS/Include/cmsis_gcc.h **** 
  74:Drivers/CMSIS/Include/cmsis_gcc.h **** 
  75:Drivers/CMSIS/Include/cmsis_gcc.h **** /**
  76:Drivers/CMSIS/Include/cmsis_gcc.h ****   \brief   Get Control Register
  77:Drivers/CMSIS/Include/cmsis_gcc.h ****   \details Returns the content of the Control Register.
  78:Drivers/CMSIS/Include/cmsis_gcc.h ****   \return               Control Register value
  79:Drivers/CMSIS/Include/cmsis_gcc.h ****  */
  80:Drivers/CMSIS/Include/cmsis_gcc.h **** __attribute__( ( always_inline ) ) __STATIC_INLINE uint32_t __get_CONTROL(void)
  81:Drivers/CMSIS/Include/cmsis_gcc.h **** {
  82:Drivers/CMSIS/Include/cmsis_gcc.h ****   uint32_t result;
  83:Drivers/CMSIS/Include/cmsis_gcc.h **** 
  84:Drivers/CMSIS/Include/cmsis_gcc.h ****   __ASM volatile ("MRS %0, control" : "=r" (result) );
  85:Drivers/CMSIS/Include/cmsis_gcc.h ****   return(result);
  86:Drivers/CMSIS/Include/cmsis_gcc.h **** }
  87:Drivers/CMSIS/Include/cmsis_gcc.h **** 
  88:Drivers/CMSIS/Include/cmsis_gcc.h **** 
  89:Drivers/CMSIS/Include/cmsis_gcc.h **** /**
ARM GAS  /tmp/cct5st2Q.s 			page 11


  90:Drivers/CMSIS/Include/cmsis_gcc.h ****   \brief   Set Control Register
  91:Drivers/CMSIS/Include/cmsis_gcc.h ****   \details Writes the given value to the Control Register.
  92:Drivers/CMSIS/Include/cmsis_gcc.h ****   \param [in]    control  Control Register value to set
  93:Drivers/CMSIS/Include/cmsis_gcc.h ****  */
  94:Drivers/CMSIS/Include/cmsis_gcc.h **** __attribute__( ( always_inline ) ) __STATIC_INLINE void __set_CONTROL(uint32_t control)
  95:Drivers/CMSIS/Include/cmsis_gcc.h **** {
  96:Drivers/CMSIS/Include/cmsis_gcc.h ****   __ASM volatile ("MSR control, %0" : : "r" (control) : "memory");
  97:Drivers/CMSIS/Include/cmsis_gcc.h **** }
  98:Drivers/CMSIS/Include/cmsis_gcc.h **** 
  99:Drivers/CMSIS/Include/cmsis_gcc.h **** 
 100:Drivers/CMSIS/Include/cmsis_gcc.h **** /**
 101:Drivers/CMSIS/Include/cmsis_gcc.h ****   \brief   Get IPSR Register
 102:Drivers/CMSIS/Include/cmsis_gcc.h ****   \details Returns the content of the IPSR Register.
 103:Drivers/CMSIS/Include/cmsis_gcc.h ****   \return               IPSR Register value
 104:Drivers/CMSIS/Include/cmsis_gcc.h ****  */
 105:Drivers/CMSIS/Include/cmsis_gcc.h **** __attribute__( ( always_inline ) ) __STATIC_INLINE uint32_t __get_IPSR(void)
 106:Drivers/CMSIS/Include/cmsis_gcc.h **** {
 107:Drivers/CMSIS/Include/cmsis_gcc.h ****   uint32_t result;
 108:Drivers/CMSIS/Include/cmsis_gcc.h **** 
 109:Drivers/CMSIS/Include/cmsis_gcc.h ****   __ASM volatile ("MRS %0, ipsr" : "=r" (result) );
 110:Drivers/CMSIS/Include/cmsis_gcc.h ****   return(result);
 111:Drivers/CMSIS/Include/cmsis_gcc.h **** }
 112:Drivers/CMSIS/Include/cmsis_gcc.h **** 
 113:Drivers/CMSIS/Include/cmsis_gcc.h **** 
 114:Drivers/CMSIS/Include/cmsis_gcc.h **** /**
 115:Drivers/CMSIS/Include/cmsis_gcc.h ****   \brief   Get APSR Register
 116:Drivers/CMSIS/Include/cmsis_gcc.h ****   \details Returns the content of the APSR Register.
 117:Drivers/CMSIS/Include/cmsis_gcc.h ****   \return               APSR Register value
 118:Drivers/CMSIS/Include/cmsis_gcc.h ****  */
 119:Drivers/CMSIS/Include/cmsis_gcc.h **** __attribute__( ( always_inline ) ) __STATIC_INLINE uint32_t __get_APSR(void)
 120:Drivers/CMSIS/Include/cmsis_gcc.h **** {
 121:Drivers/CMSIS/Include/cmsis_gcc.h ****   uint32_t result;
 122:Drivers/CMSIS/Include/cmsis_gcc.h **** 
 123:Drivers/CMSIS/Include/cmsis_gcc.h ****   __ASM volatile ("MRS %0, apsr" : "=r" (result) );
 124:Drivers/CMSIS/Include/cmsis_gcc.h ****   return(result);
 125:Drivers/CMSIS/Include/cmsis_gcc.h **** }
 126:Drivers/CMSIS/Include/cmsis_gcc.h **** 
 127:Drivers/CMSIS/Include/cmsis_gcc.h **** 
 128:Drivers/CMSIS/Include/cmsis_gcc.h **** /**
 129:Drivers/CMSIS/Include/cmsis_gcc.h ****   \brief   Get xPSR Register
 130:Drivers/CMSIS/Include/cmsis_gcc.h ****   \details Returns the content of the xPSR Register.
 131:Drivers/CMSIS/Include/cmsis_gcc.h **** 
 132:Drivers/CMSIS/Include/cmsis_gcc.h ****     \return               xPSR Register value
 133:Drivers/CMSIS/Include/cmsis_gcc.h ****  */
 134:Drivers/CMSIS/Include/cmsis_gcc.h **** __attribute__( ( always_inline ) ) __STATIC_INLINE uint32_t __get_xPSR(void)
 135:Drivers/CMSIS/Include/cmsis_gcc.h **** {
 136:Drivers/CMSIS/Include/cmsis_gcc.h ****   uint32_t result;
 137:Drivers/CMSIS/Include/cmsis_gcc.h **** 
 138:Drivers/CMSIS/Include/cmsis_gcc.h ****   __ASM volatile ("MRS %0, xpsr" : "=r" (result) );
 139:Drivers/CMSIS/Include/cmsis_gcc.h ****   return(result);
 140:Drivers/CMSIS/Include/cmsis_gcc.h **** }
 141:Drivers/CMSIS/Include/cmsis_gcc.h **** 
 142:Drivers/CMSIS/Include/cmsis_gcc.h **** 
 143:Drivers/CMSIS/Include/cmsis_gcc.h **** /**
 144:Drivers/CMSIS/Include/cmsis_gcc.h ****   \brief   Get Process Stack Pointer
 145:Drivers/CMSIS/Include/cmsis_gcc.h ****   \details Returns the current value of the Process Stack Pointer (PSP).
 146:Drivers/CMSIS/Include/cmsis_gcc.h ****   \return               PSP Register value
ARM GAS  /tmp/cct5st2Q.s 			page 12


 147:Drivers/CMSIS/Include/cmsis_gcc.h ****  */
 148:Drivers/CMSIS/Include/cmsis_gcc.h **** __attribute__( ( always_inline ) ) __STATIC_INLINE uint32_t __get_PSP(void)
 149:Drivers/CMSIS/Include/cmsis_gcc.h **** {
 150:Drivers/CMSIS/Include/cmsis_gcc.h ****   register uint32_t result;
 151:Drivers/CMSIS/Include/cmsis_gcc.h **** 
 152:Drivers/CMSIS/Include/cmsis_gcc.h ****   __ASM volatile ("MRS %0, psp\n"  : "=r" (result) );
 153:Drivers/CMSIS/Include/cmsis_gcc.h ****   return(result);
 154:Drivers/CMSIS/Include/cmsis_gcc.h **** }
 155:Drivers/CMSIS/Include/cmsis_gcc.h **** 
 156:Drivers/CMSIS/Include/cmsis_gcc.h **** 
 157:Drivers/CMSIS/Include/cmsis_gcc.h **** /**
 158:Drivers/CMSIS/Include/cmsis_gcc.h ****   \brief   Set Process Stack Pointer
 159:Drivers/CMSIS/Include/cmsis_gcc.h ****   \details Assigns the given value to the Process Stack Pointer (PSP).
 160:Drivers/CMSIS/Include/cmsis_gcc.h ****   \param [in]    topOfProcStack  Process Stack Pointer value to set
 161:Drivers/CMSIS/Include/cmsis_gcc.h ****  */
 162:Drivers/CMSIS/Include/cmsis_gcc.h **** __attribute__( ( always_inline ) ) __STATIC_INLINE void __set_PSP(uint32_t topOfProcStack)
 163:Drivers/CMSIS/Include/cmsis_gcc.h **** {
 164:Drivers/CMSIS/Include/cmsis_gcc.h ****   __ASM volatile ("MSR psp, %0\n" : : "r" (topOfProcStack) : "sp");
 165:Drivers/CMSIS/Include/cmsis_gcc.h **** }
 166:Drivers/CMSIS/Include/cmsis_gcc.h **** 
 167:Drivers/CMSIS/Include/cmsis_gcc.h **** 
 168:Drivers/CMSIS/Include/cmsis_gcc.h **** /**
 169:Drivers/CMSIS/Include/cmsis_gcc.h ****   \brief   Get Main Stack Pointer
 170:Drivers/CMSIS/Include/cmsis_gcc.h ****   \details Returns the current value of the Main Stack Pointer (MSP).
 171:Drivers/CMSIS/Include/cmsis_gcc.h ****   \return               MSP Register value
 172:Drivers/CMSIS/Include/cmsis_gcc.h ****  */
 173:Drivers/CMSIS/Include/cmsis_gcc.h **** __attribute__( ( always_inline ) ) __STATIC_INLINE uint32_t __get_MSP(void)
 174:Drivers/CMSIS/Include/cmsis_gcc.h **** {
 175:Drivers/CMSIS/Include/cmsis_gcc.h ****   register uint32_t result;
 176:Drivers/CMSIS/Include/cmsis_gcc.h **** 
 177:Drivers/CMSIS/Include/cmsis_gcc.h ****   __ASM volatile ("MRS %0, msp\n" : "=r" (result) );
 178:Drivers/CMSIS/Include/cmsis_gcc.h ****   return(result);
 179:Drivers/CMSIS/Include/cmsis_gcc.h **** }
 180:Drivers/CMSIS/Include/cmsis_gcc.h **** 
 181:Drivers/CMSIS/Include/cmsis_gcc.h **** 
 182:Drivers/CMSIS/Include/cmsis_gcc.h **** /**
 183:Drivers/CMSIS/Include/cmsis_gcc.h ****   \brief   Set Main Stack Pointer
 184:Drivers/CMSIS/Include/cmsis_gcc.h ****   \details Assigns the given value to the Main Stack Pointer (MSP).
 185:Drivers/CMSIS/Include/cmsis_gcc.h **** 
 186:Drivers/CMSIS/Include/cmsis_gcc.h ****     \param [in]    topOfMainStack  Main Stack Pointer value to set
 187:Drivers/CMSIS/Include/cmsis_gcc.h ****  */
 188:Drivers/CMSIS/Include/cmsis_gcc.h **** __attribute__( ( always_inline ) ) __STATIC_INLINE void __set_MSP(uint32_t topOfMainStack)
 189:Drivers/CMSIS/Include/cmsis_gcc.h **** {
 190:Drivers/CMSIS/Include/cmsis_gcc.h ****   __ASM volatile ("MSR msp, %0\n" : : "r" (topOfMainStack) : "sp");
 191:Drivers/CMSIS/Include/cmsis_gcc.h **** }
 192:Drivers/CMSIS/Include/cmsis_gcc.h **** 
 193:Drivers/CMSIS/Include/cmsis_gcc.h **** 
 194:Drivers/CMSIS/Include/cmsis_gcc.h **** /**
 195:Drivers/CMSIS/Include/cmsis_gcc.h ****   \brief   Get Priority Mask
 196:Drivers/CMSIS/Include/cmsis_gcc.h ****   \details Returns the current state of the priority mask bit from the Priority Mask Register.
 197:Drivers/CMSIS/Include/cmsis_gcc.h ****   \return               Priority Mask value
 198:Drivers/CMSIS/Include/cmsis_gcc.h ****  */
 199:Drivers/CMSIS/Include/cmsis_gcc.h **** __attribute__( ( always_inline ) ) __STATIC_INLINE uint32_t __get_PRIMASK(void)
 200:Drivers/CMSIS/Include/cmsis_gcc.h **** {
 201:Drivers/CMSIS/Include/cmsis_gcc.h ****   uint32_t result;
 202:Drivers/CMSIS/Include/cmsis_gcc.h **** 
 203:Drivers/CMSIS/Include/cmsis_gcc.h ****   __ASM volatile ("MRS %0, primask" : "=r" (result) );
ARM GAS  /tmp/cct5st2Q.s 			page 13


 204:Drivers/CMSIS/Include/cmsis_gcc.h ****   return(result);
 205:Drivers/CMSIS/Include/cmsis_gcc.h **** }
 206:Drivers/CMSIS/Include/cmsis_gcc.h **** 
 207:Drivers/CMSIS/Include/cmsis_gcc.h **** 
 208:Drivers/CMSIS/Include/cmsis_gcc.h **** /**
 209:Drivers/CMSIS/Include/cmsis_gcc.h ****   \brief   Set Priority Mask
 210:Drivers/CMSIS/Include/cmsis_gcc.h ****   \details Assigns the given value to the Priority Mask Register.
 211:Drivers/CMSIS/Include/cmsis_gcc.h ****   \param [in]    priMask  Priority Mask
 212:Drivers/CMSIS/Include/cmsis_gcc.h ****  */
 213:Drivers/CMSIS/Include/cmsis_gcc.h **** __attribute__( ( always_inline ) ) __STATIC_INLINE void __set_PRIMASK(uint32_t priMask)
 214:Drivers/CMSIS/Include/cmsis_gcc.h **** {
 215:Drivers/CMSIS/Include/cmsis_gcc.h ****   __ASM volatile ("MSR primask, %0" : : "r" (priMask) : "memory");
 216:Drivers/CMSIS/Include/cmsis_gcc.h **** }
 217:Drivers/CMSIS/Include/cmsis_gcc.h **** 
 218:Drivers/CMSIS/Include/cmsis_gcc.h **** 
 219:Drivers/CMSIS/Include/cmsis_gcc.h **** #if       (__CORTEX_M >= 0x03U)
 220:Drivers/CMSIS/Include/cmsis_gcc.h **** 
 221:Drivers/CMSIS/Include/cmsis_gcc.h **** /**
 222:Drivers/CMSIS/Include/cmsis_gcc.h ****   \brief   Enable FIQ
 223:Drivers/CMSIS/Include/cmsis_gcc.h ****   \details Enables FIQ interrupts by clearing the F-bit in the CPSR.
 224:Drivers/CMSIS/Include/cmsis_gcc.h ****            Can only be executed in Privileged modes.
 225:Drivers/CMSIS/Include/cmsis_gcc.h ****  */
 226:Drivers/CMSIS/Include/cmsis_gcc.h **** __attribute__( ( always_inline ) ) __STATIC_INLINE void __enable_fault_irq(void)
 227:Drivers/CMSIS/Include/cmsis_gcc.h **** {
 228:Drivers/CMSIS/Include/cmsis_gcc.h ****   __ASM volatile ("cpsie f" : : : "memory");
 229:Drivers/CMSIS/Include/cmsis_gcc.h **** }
 230:Drivers/CMSIS/Include/cmsis_gcc.h **** 
 231:Drivers/CMSIS/Include/cmsis_gcc.h **** 
 232:Drivers/CMSIS/Include/cmsis_gcc.h **** /**
 233:Drivers/CMSIS/Include/cmsis_gcc.h ****   \brief   Disable FIQ
 234:Drivers/CMSIS/Include/cmsis_gcc.h ****   \details Disables FIQ interrupts by setting the F-bit in the CPSR.
 235:Drivers/CMSIS/Include/cmsis_gcc.h ****            Can only be executed in Privileged modes.
 236:Drivers/CMSIS/Include/cmsis_gcc.h ****  */
 237:Drivers/CMSIS/Include/cmsis_gcc.h **** __attribute__( ( always_inline ) ) __STATIC_INLINE void __disable_fault_irq(void)
 238:Drivers/CMSIS/Include/cmsis_gcc.h **** {
 239:Drivers/CMSIS/Include/cmsis_gcc.h ****   __ASM volatile ("cpsid f" : : : "memory");
 240:Drivers/CMSIS/Include/cmsis_gcc.h **** }
 241:Drivers/CMSIS/Include/cmsis_gcc.h **** 
 242:Drivers/CMSIS/Include/cmsis_gcc.h **** 
 243:Drivers/CMSIS/Include/cmsis_gcc.h **** /**
 244:Drivers/CMSIS/Include/cmsis_gcc.h ****   \brief   Get Base Priority
 245:Drivers/CMSIS/Include/cmsis_gcc.h ****   \details Returns the current value of the Base Priority register.
 246:Drivers/CMSIS/Include/cmsis_gcc.h ****   \return               Base Priority register value
 247:Drivers/CMSIS/Include/cmsis_gcc.h ****  */
 248:Drivers/CMSIS/Include/cmsis_gcc.h **** __attribute__( ( always_inline ) ) __STATIC_INLINE uint32_t __get_BASEPRI(void)
 249:Drivers/CMSIS/Include/cmsis_gcc.h **** {
 250:Drivers/CMSIS/Include/cmsis_gcc.h ****   uint32_t result;
 251:Drivers/CMSIS/Include/cmsis_gcc.h **** 
 252:Drivers/CMSIS/Include/cmsis_gcc.h ****   __ASM volatile ("MRS %0, basepri" : "=r" (result) );
 253:Drivers/CMSIS/Include/cmsis_gcc.h ****   return(result);
 254:Drivers/CMSIS/Include/cmsis_gcc.h **** }
 255:Drivers/CMSIS/Include/cmsis_gcc.h **** 
 256:Drivers/CMSIS/Include/cmsis_gcc.h **** 
 257:Drivers/CMSIS/Include/cmsis_gcc.h **** /**
 258:Drivers/CMSIS/Include/cmsis_gcc.h ****   \brief   Set Base Priority
 259:Drivers/CMSIS/Include/cmsis_gcc.h ****   \details Assigns the given value to the Base Priority register.
 260:Drivers/CMSIS/Include/cmsis_gcc.h ****   \param [in]    basePri  Base Priority value to set
ARM GAS  /tmp/cct5st2Q.s 			page 14


 261:Drivers/CMSIS/Include/cmsis_gcc.h ****  */
 262:Drivers/CMSIS/Include/cmsis_gcc.h **** __attribute__( ( always_inline ) ) __STATIC_INLINE void __set_BASEPRI(uint32_t value)
 263:Drivers/CMSIS/Include/cmsis_gcc.h **** {
 264:Drivers/CMSIS/Include/cmsis_gcc.h ****   __ASM volatile ("MSR basepri, %0" : : "r" (value) : "memory");
 265:Drivers/CMSIS/Include/cmsis_gcc.h **** }
 266:Drivers/CMSIS/Include/cmsis_gcc.h **** 
 267:Drivers/CMSIS/Include/cmsis_gcc.h **** 
 268:Drivers/CMSIS/Include/cmsis_gcc.h **** /**
 269:Drivers/CMSIS/Include/cmsis_gcc.h ****   \brief   Set Base Priority with condition
 270:Drivers/CMSIS/Include/cmsis_gcc.h ****   \details Assigns the given value to the Base Priority register only if BASEPRI masking is disable
 271:Drivers/CMSIS/Include/cmsis_gcc.h ****            or the new value increases the BASEPRI priority level.
 272:Drivers/CMSIS/Include/cmsis_gcc.h ****   \param [in]    basePri  Base Priority value to set
 273:Drivers/CMSIS/Include/cmsis_gcc.h ****  */
 274:Drivers/CMSIS/Include/cmsis_gcc.h **** __attribute__( ( always_inline ) ) __STATIC_INLINE void __set_BASEPRI_MAX(uint32_t value)
 275:Drivers/CMSIS/Include/cmsis_gcc.h **** {
 276:Drivers/CMSIS/Include/cmsis_gcc.h ****   __ASM volatile ("MSR basepri_max, %0" : : "r" (value) : "memory");
 277:Drivers/CMSIS/Include/cmsis_gcc.h **** }
 278:Drivers/CMSIS/Include/cmsis_gcc.h **** 
 279:Drivers/CMSIS/Include/cmsis_gcc.h **** 
 280:Drivers/CMSIS/Include/cmsis_gcc.h **** /**
 281:Drivers/CMSIS/Include/cmsis_gcc.h ****   \brief   Get Fault Mask
 282:Drivers/CMSIS/Include/cmsis_gcc.h ****   \details Returns the current value of the Fault Mask register.
 283:Drivers/CMSIS/Include/cmsis_gcc.h ****   \return               Fault Mask register value
 284:Drivers/CMSIS/Include/cmsis_gcc.h ****  */
 285:Drivers/CMSIS/Include/cmsis_gcc.h **** __attribute__( ( always_inline ) ) __STATIC_INLINE uint32_t __get_FAULTMASK(void)
 286:Drivers/CMSIS/Include/cmsis_gcc.h **** {
 287:Drivers/CMSIS/Include/cmsis_gcc.h ****   uint32_t result;
 288:Drivers/CMSIS/Include/cmsis_gcc.h **** 
 289:Drivers/CMSIS/Include/cmsis_gcc.h ****   __ASM volatile ("MRS %0, faultmask" : "=r" (result) );
 290:Drivers/CMSIS/Include/cmsis_gcc.h ****   return(result);
 291:Drivers/CMSIS/Include/cmsis_gcc.h **** }
 292:Drivers/CMSIS/Include/cmsis_gcc.h **** 
 293:Drivers/CMSIS/Include/cmsis_gcc.h **** 
 294:Drivers/CMSIS/Include/cmsis_gcc.h **** /**
 295:Drivers/CMSIS/Include/cmsis_gcc.h ****   \brief   Set Fault Mask
 296:Drivers/CMSIS/Include/cmsis_gcc.h ****   \details Assigns the given value to the Fault Mask register.
 297:Drivers/CMSIS/Include/cmsis_gcc.h ****   \param [in]    faultMask  Fault Mask value to set
 298:Drivers/CMSIS/Include/cmsis_gcc.h ****  */
 299:Drivers/CMSIS/Include/cmsis_gcc.h **** __attribute__( ( always_inline ) ) __STATIC_INLINE void __set_FAULTMASK(uint32_t faultMask)
 300:Drivers/CMSIS/Include/cmsis_gcc.h **** {
 301:Drivers/CMSIS/Include/cmsis_gcc.h ****   __ASM volatile ("MSR faultmask, %0" : : "r" (faultMask) : "memory");
 302:Drivers/CMSIS/Include/cmsis_gcc.h **** }
 303:Drivers/CMSIS/Include/cmsis_gcc.h **** 
 304:Drivers/CMSIS/Include/cmsis_gcc.h **** #endif /* (__CORTEX_M >= 0x03U) */
 305:Drivers/CMSIS/Include/cmsis_gcc.h **** 
 306:Drivers/CMSIS/Include/cmsis_gcc.h **** 
 307:Drivers/CMSIS/Include/cmsis_gcc.h **** #if       (__CORTEX_M == 0x04U) || (__CORTEX_M == 0x07U)
 308:Drivers/CMSIS/Include/cmsis_gcc.h **** 
 309:Drivers/CMSIS/Include/cmsis_gcc.h **** /**
 310:Drivers/CMSIS/Include/cmsis_gcc.h ****   \brief   Get FPSCR
 311:Drivers/CMSIS/Include/cmsis_gcc.h ****   \details Returns the current value of the Floating Point Status/Control register.
 312:Drivers/CMSIS/Include/cmsis_gcc.h ****   \return               Floating Point Status/Control register value
 313:Drivers/CMSIS/Include/cmsis_gcc.h ****  */
 314:Drivers/CMSIS/Include/cmsis_gcc.h **** __attribute__( ( always_inline ) ) __STATIC_INLINE uint32_t __get_FPSCR(void)
 315:Drivers/CMSIS/Include/cmsis_gcc.h **** {
 316:Drivers/CMSIS/Include/cmsis_gcc.h **** #if (__FPU_PRESENT == 1U) && (__FPU_USED == 1U)
 317:Drivers/CMSIS/Include/cmsis_gcc.h ****   uint32_t result;
ARM GAS  /tmp/cct5st2Q.s 			page 15


 318:Drivers/CMSIS/Include/cmsis_gcc.h **** 
 319:Drivers/CMSIS/Include/cmsis_gcc.h ****   /* Empty asm statement works as a scheduling barrier */
 320:Drivers/CMSIS/Include/cmsis_gcc.h ****   __ASM volatile ("");
 321:Drivers/CMSIS/Include/cmsis_gcc.h ****   __ASM volatile ("VMRS %0, fpscr" : "=r" (result) );
 322:Drivers/CMSIS/Include/cmsis_gcc.h ****   __ASM volatile ("");
 323:Drivers/CMSIS/Include/cmsis_gcc.h ****   return(result);
 324:Drivers/CMSIS/Include/cmsis_gcc.h **** #else
 325:Drivers/CMSIS/Include/cmsis_gcc.h ****    return(0);
 326:Drivers/CMSIS/Include/cmsis_gcc.h **** #endif
 327:Drivers/CMSIS/Include/cmsis_gcc.h **** }
 328:Drivers/CMSIS/Include/cmsis_gcc.h **** 
 329:Drivers/CMSIS/Include/cmsis_gcc.h **** 
 330:Drivers/CMSIS/Include/cmsis_gcc.h **** /**
 331:Drivers/CMSIS/Include/cmsis_gcc.h ****   \brief   Set FPSCR
 332:Drivers/CMSIS/Include/cmsis_gcc.h ****   \details Assigns the given value to the Floating Point Status/Control register.
 333:Drivers/CMSIS/Include/cmsis_gcc.h ****   \param [in]    fpscr  Floating Point Status/Control value to set
 334:Drivers/CMSIS/Include/cmsis_gcc.h ****  */
 335:Drivers/CMSIS/Include/cmsis_gcc.h **** __attribute__( ( always_inline ) ) __STATIC_INLINE void __set_FPSCR(uint32_t fpscr)
 336:Drivers/CMSIS/Include/cmsis_gcc.h **** {
 337:Drivers/CMSIS/Include/cmsis_gcc.h **** #if (__FPU_PRESENT == 1U) && (__FPU_USED == 1U)
 338:Drivers/CMSIS/Include/cmsis_gcc.h ****   /* Empty asm statement works as a scheduling barrier */
 339:Drivers/CMSIS/Include/cmsis_gcc.h ****   __ASM volatile ("");
 340:Drivers/CMSIS/Include/cmsis_gcc.h ****   __ASM volatile ("VMSR fpscr, %0" : : "r" (fpscr) : "vfpcc");
 341:Drivers/CMSIS/Include/cmsis_gcc.h ****   __ASM volatile ("");
 342:Drivers/CMSIS/Include/cmsis_gcc.h **** #endif
 343:Drivers/CMSIS/Include/cmsis_gcc.h **** }
 344:Drivers/CMSIS/Include/cmsis_gcc.h **** 
 345:Drivers/CMSIS/Include/cmsis_gcc.h **** #endif /* (__CORTEX_M == 0x04U) || (__CORTEX_M == 0x07U) */
 346:Drivers/CMSIS/Include/cmsis_gcc.h **** 
 347:Drivers/CMSIS/Include/cmsis_gcc.h **** 
 348:Drivers/CMSIS/Include/cmsis_gcc.h **** 
 349:Drivers/CMSIS/Include/cmsis_gcc.h **** /*@} end of CMSIS_Core_RegAccFunctions */
 350:Drivers/CMSIS/Include/cmsis_gcc.h **** 
 351:Drivers/CMSIS/Include/cmsis_gcc.h **** 
 352:Drivers/CMSIS/Include/cmsis_gcc.h **** /* ##########################  Core Instruction Access  ######################### */
 353:Drivers/CMSIS/Include/cmsis_gcc.h **** /** \defgroup CMSIS_Core_InstructionInterface CMSIS Core Instruction Interface
 354:Drivers/CMSIS/Include/cmsis_gcc.h ****   Access to dedicated instructions
 355:Drivers/CMSIS/Include/cmsis_gcc.h ****   @{
 356:Drivers/CMSIS/Include/cmsis_gcc.h **** */
 357:Drivers/CMSIS/Include/cmsis_gcc.h **** 
 358:Drivers/CMSIS/Include/cmsis_gcc.h **** /* Define macros for porting to both thumb1 and thumb2.
 359:Drivers/CMSIS/Include/cmsis_gcc.h ****  * For thumb1, use low register (r0-r7), specified by constraint "l"
 360:Drivers/CMSIS/Include/cmsis_gcc.h ****  * Otherwise, use general registers, specified by constraint "r" */
 361:Drivers/CMSIS/Include/cmsis_gcc.h **** #if defined (__thumb__) && !defined (__thumb2__)
 362:Drivers/CMSIS/Include/cmsis_gcc.h **** #define __CMSIS_GCC_OUT_REG(r) "=l" (r)
 363:Drivers/CMSIS/Include/cmsis_gcc.h **** #define __CMSIS_GCC_USE_REG(r) "l" (r)
 364:Drivers/CMSIS/Include/cmsis_gcc.h **** #else
 365:Drivers/CMSIS/Include/cmsis_gcc.h **** #define __CMSIS_GCC_OUT_REG(r) "=r" (r)
 366:Drivers/CMSIS/Include/cmsis_gcc.h **** #define __CMSIS_GCC_USE_REG(r) "r" (r)
 367:Drivers/CMSIS/Include/cmsis_gcc.h **** #endif
 368:Drivers/CMSIS/Include/cmsis_gcc.h **** 
 369:Drivers/CMSIS/Include/cmsis_gcc.h **** /**
 370:Drivers/CMSIS/Include/cmsis_gcc.h ****   \brief   No Operation
 371:Drivers/CMSIS/Include/cmsis_gcc.h ****   \details No Operation does nothing. This instruction can be used for code alignment purposes.
 372:Drivers/CMSIS/Include/cmsis_gcc.h ****  */
 373:Drivers/CMSIS/Include/cmsis_gcc.h **** __attribute__((always_inline)) __STATIC_INLINE void __NOP(void)
 374:Drivers/CMSIS/Include/cmsis_gcc.h **** {
ARM GAS  /tmp/cct5st2Q.s 			page 16


 375:Drivers/CMSIS/Include/cmsis_gcc.h ****   __ASM volatile ("nop");
 376:Drivers/CMSIS/Include/cmsis_gcc.h **** }
 377:Drivers/CMSIS/Include/cmsis_gcc.h **** 
 378:Drivers/CMSIS/Include/cmsis_gcc.h **** 
 379:Drivers/CMSIS/Include/cmsis_gcc.h **** /**
 380:Drivers/CMSIS/Include/cmsis_gcc.h ****   \brief   Wait For Interrupt
 381:Drivers/CMSIS/Include/cmsis_gcc.h ****   \details Wait For Interrupt is a hint instruction that suspends execution until one of a number o
 382:Drivers/CMSIS/Include/cmsis_gcc.h ****  */
 383:Drivers/CMSIS/Include/cmsis_gcc.h **** __attribute__((always_inline)) __STATIC_INLINE void __WFI(void)
 384:Drivers/CMSIS/Include/cmsis_gcc.h **** {
 385:Drivers/CMSIS/Include/cmsis_gcc.h ****   __ASM volatile ("wfi");
 198              		.loc 2 385 0
 199              	@ 385 "Drivers/CMSIS/Include/cmsis_gcc.h" 1
 200 000e 30BF     		wfi
 201              	@ 0 "" 2
 202              		.code	16
 203 0010 02E0     		b	.L16
 204              	.L17:
 205              	.LBE22:
 206              	.LBE21:
 207              	.LBB23:
 208              	.LBB24:
 386:Drivers/CMSIS/Include/cmsis_gcc.h **** }
 387:Drivers/CMSIS/Include/cmsis_gcc.h **** 
 388:Drivers/CMSIS/Include/cmsis_gcc.h **** 
 389:Drivers/CMSIS/Include/cmsis_gcc.h **** /**
 390:Drivers/CMSIS/Include/cmsis_gcc.h ****   \brief   Wait For Event
 391:Drivers/CMSIS/Include/cmsis_gcc.h ****   \details Wait For Event is a hint instruction that permits the processor to enter
 392:Drivers/CMSIS/Include/cmsis_gcc.h ****     a low-power state until one of a number of events occurs.
 393:Drivers/CMSIS/Include/cmsis_gcc.h ****  */
 394:Drivers/CMSIS/Include/cmsis_gcc.h **** __attribute__((always_inline)) __STATIC_INLINE void __WFE(void)
 395:Drivers/CMSIS/Include/cmsis_gcc.h **** {
 396:Drivers/CMSIS/Include/cmsis_gcc.h ****   __ASM volatile ("wfe");
 397:Drivers/CMSIS/Include/cmsis_gcc.h **** }
 398:Drivers/CMSIS/Include/cmsis_gcc.h **** 
 399:Drivers/CMSIS/Include/cmsis_gcc.h **** 
 400:Drivers/CMSIS/Include/cmsis_gcc.h **** /**
 401:Drivers/CMSIS/Include/cmsis_gcc.h ****   \brief   Send Event
 402:Drivers/CMSIS/Include/cmsis_gcc.h ****   \details Send Event is a hint instruction. It causes an event to be signaled to the CPU.
 403:Drivers/CMSIS/Include/cmsis_gcc.h ****  */
 404:Drivers/CMSIS/Include/cmsis_gcc.h **** __attribute__((always_inline)) __STATIC_INLINE void __SEV(void)
 405:Drivers/CMSIS/Include/cmsis_gcc.h **** {
 406:Drivers/CMSIS/Include/cmsis_gcc.h ****   __ASM volatile ("sev");
 209              		.loc 2 406 0
 210              	@ 406 "Drivers/CMSIS/Include/cmsis_gcc.h" 1
 211 0012 40BF     		sev
 212              	@ 0 "" 2
 213              		.code	16
 214              	.LBE24:
 215              	.LBE23:
 216              	.LBB25:
 217              	.LBB26:
 396:Drivers/CMSIS/Include/cmsis_gcc.h **** }
 218              		.loc 2 396 0
 219              	@ 396 "Drivers/CMSIS/Include/cmsis_gcc.h" 1
 220 0014 20BF     		wfe
 221              	@ 0 "" 2
ARM GAS  /tmp/cct5st2Q.s 			page 17


 222              		.code	16
 223              	.LBE26:
 224              	.LBE25:
 225              	.LBB27:
 226              	.LBB28:
 227              	@ 396 "Drivers/CMSIS/Include/cmsis_gcc.h" 1
 228 0016 20BF     		wfe
 229              	@ 0 "" 2
 230              		.code	16
 231              	.L16:
 232              	.LBE28:
 233              	.LBE27:
 296:Drivers/STM32F0xx_HAL_Driver/Src/stm32f0xx_hal_pwr.c ****   {
 297:Drivers/STM32F0xx_HAL_Driver/Src/stm32f0xx_hal_pwr.c ****     /* Request Wait For Interrupt */
 298:Drivers/STM32F0xx_HAL_Driver/Src/stm32f0xx_hal_pwr.c ****     __WFI();
 299:Drivers/STM32F0xx_HAL_Driver/Src/stm32f0xx_hal_pwr.c ****   }
 300:Drivers/STM32F0xx_HAL_Driver/Src/stm32f0xx_hal_pwr.c ****   else
 301:Drivers/STM32F0xx_HAL_Driver/Src/stm32f0xx_hal_pwr.c ****   {
 302:Drivers/STM32F0xx_HAL_Driver/Src/stm32f0xx_hal_pwr.c ****     /* Request Wait For Event */
 303:Drivers/STM32F0xx_HAL_Driver/Src/stm32f0xx_hal_pwr.c ****     __SEV();
 304:Drivers/STM32F0xx_HAL_Driver/Src/stm32f0xx_hal_pwr.c ****     __WFE();
 305:Drivers/STM32F0xx_HAL_Driver/Src/stm32f0xx_hal_pwr.c ****     __WFE();
 306:Drivers/STM32F0xx_HAL_Driver/Src/stm32f0xx_hal_pwr.c ****   }
 307:Drivers/STM32F0xx_HAL_Driver/Src/stm32f0xx_hal_pwr.c **** }
 234              		.loc 1 307 0
 235              		@ sp needed
 236 0018 7047     		bx	lr
 237              	.L20:
 238 001a C046     		.align	2
 239              	.L19:
 240 001c 00ED00E0 		.word	-536810240
 241              		.cfi_endproc
 242              	.LFE39:
 243              		.cantunwind
 244              		.fnend
 246              		.section	.text.HAL_PWR_EnterSTOPMode,"ax",%progbits
 247              		.align	2
 248              		.global	HAL_PWR_EnterSTOPMode
 249              		.code	16
 250              		.thumb_func
 252              	HAL_PWR_EnterSTOPMode:
 253              		.fnstart
 254              	.LFB40:
 308:Drivers/STM32F0xx_HAL_Driver/Src/stm32f0xx_hal_pwr.c **** 
 309:Drivers/STM32F0xx_HAL_Driver/Src/stm32f0xx_hal_pwr.c **** /**
 310:Drivers/STM32F0xx_HAL_Driver/Src/stm32f0xx_hal_pwr.c ****   * @brief Enters STOP mode.
 311:Drivers/STM32F0xx_HAL_Driver/Src/stm32f0xx_hal_pwr.c ****   * @note  In Stop mode, all I/O pins keep the same state as in Run mode.
 312:Drivers/STM32F0xx_HAL_Driver/Src/stm32f0xx_hal_pwr.c ****   * @note  When exiting Stop mode by issuing an interrupt or a wakeup event,
 313:Drivers/STM32F0xx_HAL_Driver/Src/stm32f0xx_hal_pwr.c ****   *         the HSI RC oscillator is selected as system clock.
 314:Drivers/STM32F0xx_HAL_Driver/Src/stm32f0xx_hal_pwr.c ****   * @note  When the voltage regulator operates in low power mode, an additional
 315:Drivers/STM32F0xx_HAL_Driver/Src/stm32f0xx_hal_pwr.c ****   *         startup delay is incurred when waking up from Stop mode.
 316:Drivers/STM32F0xx_HAL_Driver/Src/stm32f0xx_hal_pwr.c ****   *         By keeping the internal regulator ON during Stop mode, the consumption
 317:Drivers/STM32F0xx_HAL_Driver/Src/stm32f0xx_hal_pwr.c ****   *         is higher although the startup time is reduced.
 318:Drivers/STM32F0xx_HAL_Driver/Src/stm32f0xx_hal_pwr.c ****   * @param Regulator Specifies the regulator state in STOP mode.
 319:Drivers/STM32F0xx_HAL_Driver/Src/stm32f0xx_hal_pwr.c ****   *          This parameter can be one of the following values:
 320:Drivers/STM32F0xx_HAL_Driver/Src/stm32f0xx_hal_pwr.c ****   *            @arg PWR_MAINREGULATOR_ON: STOP mode with regulator ON
 321:Drivers/STM32F0xx_HAL_Driver/Src/stm32f0xx_hal_pwr.c ****   *            @arg PWR_LOWPOWERREGULATOR_ON: STOP mode with low power regulator ON
ARM GAS  /tmp/cct5st2Q.s 			page 18


 322:Drivers/STM32F0xx_HAL_Driver/Src/stm32f0xx_hal_pwr.c ****   * @param STOPEntry specifies if STOP mode in entered with WFI or WFE instruction.
 323:Drivers/STM32F0xx_HAL_Driver/Src/stm32f0xx_hal_pwr.c ****   *          This parameter can be one of the following values:
 324:Drivers/STM32F0xx_HAL_Driver/Src/stm32f0xx_hal_pwr.c ****   *            @arg PWR_STOPENTRY_WFI:Enter STOP mode with WFI instruction
 325:Drivers/STM32F0xx_HAL_Driver/Src/stm32f0xx_hal_pwr.c ****   *            @arg PWR_STOPENTRY_WFE: Enter STOP mode with WFE instruction
 326:Drivers/STM32F0xx_HAL_Driver/Src/stm32f0xx_hal_pwr.c ****   * @retval None
 327:Drivers/STM32F0xx_HAL_Driver/Src/stm32f0xx_hal_pwr.c ****   */
 328:Drivers/STM32F0xx_HAL_Driver/Src/stm32f0xx_hal_pwr.c **** void HAL_PWR_EnterSTOPMode(uint32_t Regulator, uint8_t STOPEntry)
 329:Drivers/STM32F0xx_HAL_Driver/Src/stm32f0xx_hal_pwr.c **** {
 255              		.loc 1 329 0
 256              		.cfi_startproc
 257              	.LVL5:
 258 0000 10B5     		push	{r4, lr}
 259              	.LCFI0:
 260              		.cfi_def_cfa_offset 8
 261              		.cfi_offset 4, -8
 262              		.cfi_offset 14, -4
 263              	.LVL6:
 264              	.LBB29:
 330:Drivers/STM32F0xx_HAL_Driver/Src/stm32f0xx_hal_pwr.c ****   uint32_t tmpreg = 0;
 331:Drivers/STM32F0xx_HAL_Driver/Src/stm32f0xx_hal_pwr.c **** 
 332:Drivers/STM32F0xx_HAL_Driver/Src/stm32f0xx_hal_pwr.c ****   /* Check the parameters */
 333:Drivers/STM32F0xx_HAL_Driver/Src/stm32f0xx_hal_pwr.c ****   assert_param(IS_PWR_REGULATOR(Regulator));
 334:Drivers/STM32F0xx_HAL_Driver/Src/stm32f0xx_hal_pwr.c ****   assert_param(IS_PWR_STOP_ENTRY(STOPEntry));
 335:Drivers/STM32F0xx_HAL_Driver/Src/stm32f0xx_hal_pwr.c **** 
 336:Drivers/STM32F0xx_HAL_Driver/Src/stm32f0xx_hal_pwr.c ****   /* Select the regulator state in STOP mode ---------------------------------*/
 337:Drivers/STM32F0xx_HAL_Driver/Src/stm32f0xx_hal_pwr.c ****   tmpreg = PWR->CR;
 265              		.loc 1 337 0
 266 0002 0C4A     		ldr	r2, .L24
 267 0004 1368     		ldr	r3, [r2]
 268              	.LVL7:
 338:Drivers/STM32F0xx_HAL_Driver/Src/stm32f0xx_hal_pwr.c ****   
 339:Drivers/STM32F0xx_HAL_Driver/Src/stm32f0xx_hal_pwr.c ****   /* Clear PDDS and LPDS bits */
 340:Drivers/STM32F0xx_HAL_Driver/Src/stm32f0xx_hal_pwr.c ****   tmpreg &= (uint32_t)~(PWR_CR_PDDS | PWR_CR_LPDS);
 269              		.loc 1 340 0
 270 0006 0324     		mov	r4, #3
 271 0008 A343     		bic	r3, r4
 272              	.LVL8:
 341:Drivers/STM32F0xx_HAL_Driver/Src/stm32f0xx_hal_pwr.c **** 
 342:Drivers/STM32F0xx_HAL_Driver/Src/stm32f0xx_hal_pwr.c ****   /* Set LPDS bit according to Regulator value */
 343:Drivers/STM32F0xx_HAL_Driver/Src/stm32f0xx_hal_pwr.c ****   tmpreg |= Regulator;
 273              		.loc 1 343 0
 274 000a 1843     		orr	r0, r3
 275              	.LVL9:
 344:Drivers/STM32F0xx_HAL_Driver/Src/stm32f0xx_hal_pwr.c **** 
 345:Drivers/STM32F0xx_HAL_Driver/Src/stm32f0xx_hal_pwr.c ****   /* Store the new value */
 346:Drivers/STM32F0xx_HAL_Driver/Src/stm32f0xx_hal_pwr.c ****   PWR->CR = tmpreg;
 276              		.loc 1 346 0
 277 000c 1060     		str	r0, [r2]
 347:Drivers/STM32F0xx_HAL_Driver/Src/stm32f0xx_hal_pwr.c **** 
 348:Drivers/STM32F0xx_HAL_Driver/Src/stm32f0xx_hal_pwr.c ****   /* Set SLEEPDEEP bit of Cortex System Control Register */
 349:Drivers/STM32F0xx_HAL_Driver/Src/stm32f0xx_hal_pwr.c ****   SCB->SCR |= SCB_SCR_SLEEPDEEP_Msk;
 278              		.loc 1 349 0
 279 000e 0A4A     		ldr	r2, .L24+4
 280 0010 1069     		ldr	r0, [r2, #16]
 281              	.LVL10:
 282 0012 0423     		mov	r3, #4
 283 0014 0343     		orr	r3, r0
ARM GAS  /tmp/cct5st2Q.s 			page 19


 284 0016 1361     		str	r3, [r2, #16]
 285              	.LVL11:
 350:Drivers/STM32F0xx_HAL_Driver/Src/stm32f0xx_hal_pwr.c **** 
 351:Drivers/STM32F0xx_HAL_Driver/Src/stm32f0xx_hal_pwr.c ****   /* Select STOP mode entry --------------------------------------------------*/
 352:Drivers/STM32F0xx_HAL_Driver/Src/stm32f0xx_hal_pwr.c ****   if(STOPEntry == PWR_STOPENTRY_WFI)
 286              		.loc 1 352 0
 287 0018 0129     		cmp	r1, #1
 288 001a 01D1     		bne	.L22
 289              	.LBB30:
 290              	.LBB31:
 385:Drivers/CMSIS/Include/cmsis_gcc.h **** }
 291              		.loc 2 385 0
 292              	@ 385 "Drivers/CMSIS/Include/cmsis_gcc.h" 1
 293 001c 30BF     		wfi
 294              	@ 0 "" 2
 295              		.code	16
 296 001e 02E0     		b	.L23
 297              	.L22:
 298              	.LBE31:
 299              	.LBE30:
 300              	.LBB32:
 301              	.LBB33:
 302              		.loc 2 406 0
 303              	@ 406 "Drivers/CMSIS/Include/cmsis_gcc.h" 1
 304 0020 40BF     		sev
 305              	@ 0 "" 2
 306              		.code	16
 307              	.LBE33:
 308              	.LBE32:
 309              	.LBB34:
 310              	.LBB35:
 396:Drivers/CMSIS/Include/cmsis_gcc.h **** }
 311              		.loc 2 396 0
 312              	@ 396 "Drivers/CMSIS/Include/cmsis_gcc.h" 1
 313 0022 20BF     		wfe
 314              	@ 0 "" 2
 315              		.code	16
 316              	.LBE35:
 317              	.LBE34:
 318              	.LBB36:
 319              	.LBB37:
 320              	@ 396 "Drivers/CMSIS/Include/cmsis_gcc.h" 1
 321 0024 20BF     		wfe
 322              	@ 0 "" 2
 323              		.code	16
 324              	.L23:
 325              	.LBE37:
 326              	.LBE36:
 353:Drivers/STM32F0xx_HAL_Driver/Src/stm32f0xx_hal_pwr.c ****   {
 354:Drivers/STM32F0xx_HAL_Driver/Src/stm32f0xx_hal_pwr.c ****     /* Request Wait For Interrupt */
 355:Drivers/STM32F0xx_HAL_Driver/Src/stm32f0xx_hal_pwr.c ****     __WFI();
 356:Drivers/STM32F0xx_HAL_Driver/Src/stm32f0xx_hal_pwr.c ****   }
 357:Drivers/STM32F0xx_HAL_Driver/Src/stm32f0xx_hal_pwr.c ****   else
 358:Drivers/STM32F0xx_HAL_Driver/Src/stm32f0xx_hal_pwr.c ****   {
 359:Drivers/STM32F0xx_HAL_Driver/Src/stm32f0xx_hal_pwr.c ****     /* Request Wait For Event */
 360:Drivers/STM32F0xx_HAL_Driver/Src/stm32f0xx_hal_pwr.c ****     __SEV();
 361:Drivers/STM32F0xx_HAL_Driver/Src/stm32f0xx_hal_pwr.c ****     __WFE();
ARM GAS  /tmp/cct5st2Q.s 			page 20


 362:Drivers/STM32F0xx_HAL_Driver/Src/stm32f0xx_hal_pwr.c ****     __WFE();
 363:Drivers/STM32F0xx_HAL_Driver/Src/stm32f0xx_hal_pwr.c ****   }
 364:Drivers/STM32F0xx_HAL_Driver/Src/stm32f0xx_hal_pwr.c **** 
 365:Drivers/STM32F0xx_HAL_Driver/Src/stm32f0xx_hal_pwr.c ****   /* Reset SLEEPDEEP bit of Cortex System Control Register */
 366:Drivers/STM32F0xx_HAL_Driver/Src/stm32f0xx_hal_pwr.c ****   SCB->SCR &= (uint32_t)~((uint32_t)SCB_SCR_SLEEPDEEP_Msk);
 327              		.loc 1 366 0
 328 0026 044A     		ldr	r2, .L24+4
 329 0028 1369     		ldr	r3, [r2, #16]
 330 002a 0421     		mov	r1, #4
 331              	.LVL12:
 332 002c 8B43     		bic	r3, r1
 333 002e 1361     		str	r3, [r2, #16]
 334              	.LBE29:
 367:Drivers/STM32F0xx_HAL_Driver/Src/stm32f0xx_hal_pwr.c **** }
 335              		.loc 1 367 0
 336              		@ sp needed
 337 0030 10BD     		pop	{r4, pc}
 338              	.L25:
 339 0032 C046     		.align	2
 340              	.L24:
 341 0034 00700040 		.word	1073770496
 342 0038 00ED00E0 		.word	-536810240
 343              		.cfi_endproc
 344              	.LFE40:
 345              		.cantunwind
 346              		.fnend
 348              		.section	.text.HAL_PWR_EnterSTANDBYMode,"ax",%progbits
 349              		.align	2
 350              		.global	HAL_PWR_EnterSTANDBYMode
 351              		.code	16
 352              		.thumb_func
 354              	HAL_PWR_EnterSTANDBYMode:
 355              		.fnstart
 356              	.LFB41:
 368:Drivers/STM32F0xx_HAL_Driver/Src/stm32f0xx_hal_pwr.c **** 
 369:Drivers/STM32F0xx_HAL_Driver/Src/stm32f0xx_hal_pwr.c **** /**
 370:Drivers/STM32F0xx_HAL_Driver/Src/stm32f0xx_hal_pwr.c ****   * @brief Enters STANDBY mode.
 371:Drivers/STM32F0xx_HAL_Driver/Src/stm32f0xx_hal_pwr.c ****   * @note  In Standby mode, all I/O pins are high impedance except for:
 372:Drivers/STM32F0xx_HAL_Driver/Src/stm32f0xx_hal_pwr.c ****   *          - Reset pad (still available)
 373:Drivers/STM32F0xx_HAL_Driver/Src/stm32f0xx_hal_pwr.c ****   *          - RTC alternate function pins if configured for tamper, time-stamp, RTC
 374:Drivers/STM32F0xx_HAL_Driver/Src/stm32f0xx_hal_pwr.c ****   *            Alarm out, or RTC clock calibration out.
 375:Drivers/STM32F0xx_HAL_Driver/Src/stm32f0xx_hal_pwr.c ****   *          - WKUP pins if enabled.
 376:Drivers/STM32F0xx_HAL_Driver/Src/stm32f0xx_hal_pwr.c ****   *            STM32F0x8 devices, the Stop mode is available, but it is 
 377:Drivers/STM32F0xx_HAL_Driver/Src/stm32f0xx_hal_pwr.c ****   *            aningless to distinguish between voltage regulator in Low power 
 378:Drivers/STM32F0xx_HAL_Driver/Src/stm32f0xx_hal_pwr.c ****   *            mode and voltage regulator in Run mode because the regulator 
 379:Drivers/STM32F0xx_HAL_Driver/Src/stm32f0xx_hal_pwr.c ****   *            not used and the core is supplied directly from an external source.
 380:Drivers/STM32F0xx_HAL_Driver/Src/stm32f0xx_hal_pwr.c ****   *            Consequently, the Standby mode is not available on those devices.
 381:Drivers/STM32F0xx_HAL_Driver/Src/stm32f0xx_hal_pwr.c ****   * @retval None
 382:Drivers/STM32F0xx_HAL_Driver/Src/stm32f0xx_hal_pwr.c ****   */
 383:Drivers/STM32F0xx_HAL_Driver/Src/stm32f0xx_hal_pwr.c **** void HAL_PWR_EnterSTANDBYMode(void)
 384:Drivers/STM32F0xx_HAL_Driver/Src/stm32f0xx_hal_pwr.c **** {
 357              		.loc 1 384 0
 358              		.cfi_startproc
 385:Drivers/STM32F0xx_HAL_Driver/Src/stm32f0xx_hal_pwr.c ****   /* Select STANDBY mode */
 386:Drivers/STM32F0xx_HAL_Driver/Src/stm32f0xx_hal_pwr.c ****   PWR->CR |= (uint32_t)PWR_CR_PDDS;
 359              		.loc 1 386 0
 360 0000 054A     		ldr	r2, .L27
ARM GAS  /tmp/cct5st2Q.s 			page 21


 361 0002 1168     		ldr	r1, [r2]
 362 0004 0223     		mov	r3, #2
 363 0006 0B43     		orr	r3, r1
 364 0008 1360     		str	r3, [r2]
 387:Drivers/STM32F0xx_HAL_Driver/Src/stm32f0xx_hal_pwr.c **** 
 388:Drivers/STM32F0xx_HAL_Driver/Src/stm32f0xx_hal_pwr.c ****   /* Set SLEEPDEEP bit of Cortex System Control Register */
 389:Drivers/STM32F0xx_HAL_Driver/Src/stm32f0xx_hal_pwr.c ****   SCB->SCR |= SCB_SCR_SLEEPDEEP_Msk;
 365              		.loc 1 389 0
 366 000a 044A     		ldr	r2, .L27+4
 367 000c 1169     		ldr	r1, [r2, #16]
 368 000e 0423     		mov	r3, #4
 369 0010 0B43     		orr	r3, r1
 370 0012 1361     		str	r3, [r2, #16]
 371              	.LBB38:
 372              	.LBB39:
 385:Drivers/CMSIS/Include/cmsis_gcc.h **** }
 373              		.loc 2 385 0
 374              	@ 385 "Drivers/CMSIS/Include/cmsis_gcc.h" 1
 375 0014 30BF     		wfi
 376              	@ 0 "" 2
 377              		.code	16
 378              	.LBE39:
 379              	.LBE38:
 390:Drivers/STM32F0xx_HAL_Driver/Src/stm32f0xx_hal_pwr.c **** 
 391:Drivers/STM32F0xx_HAL_Driver/Src/stm32f0xx_hal_pwr.c ****   /* This option is used to ensure that store operations are completed */
 392:Drivers/STM32F0xx_HAL_Driver/Src/stm32f0xx_hal_pwr.c **** #if defined ( __CC_ARM)
 393:Drivers/STM32F0xx_HAL_Driver/Src/stm32f0xx_hal_pwr.c ****   __force_stores();
 394:Drivers/STM32F0xx_HAL_Driver/Src/stm32f0xx_hal_pwr.c **** #endif
 395:Drivers/STM32F0xx_HAL_Driver/Src/stm32f0xx_hal_pwr.c ****   /* Request Wait For Interrupt */
 396:Drivers/STM32F0xx_HAL_Driver/Src/stm32f0xx_hal_pwr.c ****   __WFI();
 397:Drivers/STM32F0xx_HAL_Driver/Src/stm32f0xx_hal_pwr.c **** }
 380              		.loc 1 397 0
 381              		@ sp needed
 382 0016 7047     		bx	lr
 383              	.L28:
 384              		.align	2
 385              	.L27:
 386 0018 00700040 		.word	1073770496
 387 001c 00ED00E0 		.word	-536810240
 388              		.cfi_endproc
 389              	.LFE41:
 390              		.cantunwind
 391              		.fnend
 393              		.section	.text.HAL_PWR_EnableSleepOnExit,"ax",%progbits
 394              		.align	2
 395              		.global	HAL_PWR_EnableSleepOnExit
 396              		.code	16
 397              		.thumb_func
 399              	HAL_PWR_EnableSleepOnExit:
 400              		.fnstart
 401              	.LFB42:
 398:Drivers/STM32F0xx_HAL_Driver/Src/stm32f0xx_hal_pwr.c **** 
 399:Drivers/STM32F0xx_HAL_Driver/Src/stm32f0xx_hal_pwr.c **** /**
 400:Drivers/STM32F0xx_HAL_Driver/Src/stm32f0xx_hal_pwr.c ****   * @brief Indicates Sleep-On-Exit when returning from Handler mode to Thread mode. 
 401:Drivers/STM32F0xx_HAL_Driver/Src/stm32f0xx_hal_pwr.c ****   * @note Set SLEEPONEXIT bit of SCR register. When this bit is set, the processor 
 402:Drivers/STM32F0xx_HAL_Driver/Src/stm32f0xx_hal_pwr.c ****   *       re-enters SLEEP mode when an interruption handling is over.
 403:Drivers/STM32F0xx_HAL_Driver/Src/stm32f0xx_hal_pwr.c ****   *       Setting this bit is useful when the processor is expected to run only on
ARM GAS  /tmp/cct5st2Q.s 			page 22


 404:Drivers/STM32F0xx_HAL_Driver/Src/stm32f0xx_hal_pwr.c ****   *       interruptions handling.         
 405:Drivers/STM32F0xx_HAL_Driver/Src/stm32f0xx_hal_pwr.c ****   * @retval None
 406:Drivers/STM32F0xx_HAL_Driver/Src/stm32f0xx_hal_pwr.c ****   */
 407:Drivers/STM32F0xx_HAL_Driver/Src/stm32f0xx_hal_pwr.c **** void HAL_PWR_EnableSleepOnExit(void)
 408:Drivers/STM32F0xx_HAL_Driver/Src/stm32f0xx_hal_pwr.c **** {
 402              		.loc 1 408 0
 403              		.cfi_startproc
 409:Drivers/STM32F0xx_HAL_Driver/Src/stm32f0xx_hal_pwr.c ****   /* Set SLEEPONEXIT bit of Cortex System Control Register */
 410:Drivers/STM32F0xx_HAL_Driver/Src/stm32f0xx_hal_pwr.c ****   SET_BIT(SCB->SCR, ((uint32_t)SCB_SCR_SLEEPONEXIT_Msk));
 404              		.loc 1 410 0
 405 0000 024A     		ldr	r2, .L30
 406 0002 1169     		ldr	r1, [r2, #16]
 407 0004 0223     		mov	r3, #2
 408 0006 0B43     		orr	r3, r1
 409 0008 1361     		str	r3, [r2, #16]
 411:Drivers/STM32F0xx_HAL_Driver/Src/stm32f0xx_hal_pwr.c **** }
 410              		.loc 1 411 0
 411              		@ sp needed
 412 000a 7047     		bx	lr
 413              	.L31:
 414              		.align	2
 415              	.L30:
 416 000c 00ED00E0 		.word	-536810240
 417              		.cfi_endproc
 418              	.LFE42:
 419              		.cantunwind
 420              		.fnend
 422              		.section	.text.HAL_PWR_DisableSleepOnExit,"ax",%progbits
 423              		.align	2
 424              		.global	HAL_PWR_DisableSleepOnExit
 425              		.code	16
 426              		.thumb_func
 428              	HAL_PWR_DisableSleepOnExit:
 429              		.fnstart
 430              	.LFB43:
 412:Drivers/STM32F0xx_HAL_Driver/Src/stm32f0xx_hal_pwr.c **** 
 413:Drivers/STM32F0xx_HAL_Driver/Src/stm32f0xx_hal_pwr.c **** 
 414:Drivers/STM32F0xx_HAL_Driver/Src/stm32f0xx_hal_pwr.c **** /**
 415:Drivers/STM32F0xx_HAL_Driver/Src/stm32f0xx_hal_pwr.c ****   * @brief Disables Sleep-On-Exit feature when returning from Handler mode to Thread mode. 
 416:Drivers/STM32F0xx_HAL_Driver/Src/stm32f0xx_hal_pwr.c ****   * @note Clears SLEEPONEXIT bit of SCR register. When this bit is set, the processor 
 417:Drivers/STM32F0xx_HAL_Driver/Src/stm32f0xx_hal_pwr.c ****   *       re-enters SLEEP mode when an interruption handling is over.          
 418:Drivers/STM32F0xx_HAL_Driver/Src/stm32f0xx_hal_pwr.c ****   * @retval None
 419:Drivers/STM32F0xx_HAL_Driver/Src/stm32f0xx_hal_pwr.c ****   */
 420:Drivers/STM32F0xx_HAL_Driver/Src/stm32f0xx_hal_pwr.c **** void HAL_PWR_DisableSleepOnExit(void)
 421:Drivers/STM32F0xx_HAL_Driver/Src/stm32f0xx_hal_pwr.c **** {
 431              		.loc 1 421 0
 432              		.cfi_startproc
 422:Drivers/STM32F0xx_HAL_Driver/Src/stm32f0xx_hal_pwr.c ****   /* Clear SLEEPONEXIT bit of Cortex System Control Register */
 423:Drivers/STM32F0xx_HAL_Driver/Src/stm32f0xx_hal_pwr.c ****   CLEAR_BIT(SCB->SCR, ((uint32_t)SCB_SCR_SLEEPONEXIT_Msk));
 433              		.loc 1 423 0
 434 0000 024A     		ldr	r2, .L33
 435 0002 1369     		ldr	r3, [r2, #16]
 436 0004 0221     		mov	r1, #2
 437 0006 8B43     		bic	r3, r1
 438 0008 1361     		str	r3, [r2, #16]
 424:Drivers/STM32F0xx_HAL_Driver/Src/stm32f0xx_hal_pwr.c **** }
 439              		.loc 1 424 0
ARM GAS  /tmp/cct5st2Q.s 			page 23


 440              		@ sp needed
 441 000a 7047     		bx	lr
 442              	.L34:
 443              		.align	2
 444              	.L33:
 445 000c 00ED00E0 		.word	-536810240
 446              		.cfi_endproc
 447              	.LFE43:
 448              		.cantunwind
 449              		.fnend
 451              		.section	.text.HAL_PWR_EnableSEVOnPend,"ax",%progbits
 452              		.align	2
 453              		.global	HAL_PWR_EnableSEVOnPend
 454              		.code	16
 455              		.thumb_func
 457              	HAL_PWR_EnableSEVOnPend:
 458              		.fnstart
 459              	.LFB44:
 425:Drivers/STM32F0xx_HAL_Driver/Src/stm32f0xx_hal_pwr.c **** 
 426:Drivers/STM32F0xx_HAL_Driver/Src/stm32f0xx_hal_pwr.c **** 
 427:Drivers/STM32F0xx_HAL_Driver/Src/stm32f0xx_hal_pwr.c **** 
 428:Drivers/STM32F0xx_HAL_Driver/Src/stm32f0xx_hal_pwr.c **** /**
 429:Drivers/STM32F0xx_HAL_Driver/Src/stm32f0xx_hal_pwr.c ****   * @brief Enables CORTEX M4 SEVONPEND bit. 
 430:Drivers/STM32F0xx_HAL_Driver/Src/stm32f0xx_hal_pwr.c ****   * @note Sets SEVONPEND bit of SCR register. When this bit is set, this causes 
 431:Drivers/STM32F0xx_HAL_Driver/Src/stm32f0xx_hal_pwr.c ****   *       WFE to wake up when an interrupt moves from inactive to pended.
 432:Drivers/STM32F0xx_HAL_Driver/Src/stm32f0xx_hal_pwr.c ****   * @retval None
 433:Drivers/STM32F0xx_HAL_Driver/Src/stm32f0xx_hal_pwr.c ****   */
 434:Drivers/STM32F0xx_HAL_Driver/Src/stm32f0xx_hal_pwr.c **** void HAL_PWR_EnableSEVOnPend(void)
 435:Drivers/STM32F0xx_HAL_Driver/Src/stm32f0xx_hal_pwr.c **** {
 460              		.loc 1 435 0
 461              		.cfi_startproc
 436:Drivers/STM32F0xx_HAL_Driver/Src/stm32f0xx_hal_pwr.c ****   /* Set SEVONPEND bit of Cortex System Control Register */
 437:Drivers/STM32F0xx_HAL_Driver/Src/stm32f0xx_hal_pwr.c ****   SET_BIT(SCB->SCR, ((uint32_t)SCB_SCR_SEVONPEND_Msk));
 462              		.loc 1 437 0
 463 0000 024A     		ldr	r2, .L36
 464 0002 1169     		ldr	r1, [r2, #16]
 465 0004 1023     		mov	r3, #16
 466 0006 0B43     		orr	r3, r1
 467 0008 1361     		str	r3, [r2, #16]
 438:Drivers/STM32F0xx_HAL_Driver/Src/stm32f0xx_hal_pwr.c **** }
 468              		.loc 1 438 0
 469              		@ sp needed
 470 000a 7047     		bx	lr
 471              	.L37:
 472              		.align	2
 473              	.L36:
 474 000c 00ED00E0 		.word	-536810240
 475              		.cfi_endproc
 476              	.LFE44:
 477              		.cantunwind
 478              		.fnend
 480              		.section	.text.HAL_PWR_DisableSEVOnPend,"ax",%progbits
 481              		.align	2
 482              		.global	HAL_PWR_DisableSEVOnPend
 483              		.code	16
 484              		.thumb_func
 486              	HAL_PWR_DisableSEVOnPend:
ARM GAS  /tmp/cct5st2Q.s 			page 24


 487              		.fnstart
 488              	.LFB45:
 439:Drivers/STM32F0xx_HAL_Driver/Src/stm32f0xx_hal_pwr.c **** 
 440:Drivers/STM32F0xx_HAL_Driver/Src/stm32f0xx_hal_pwr.c **** 
 441:Drivers/STM32F0xx_HAL_Driver/Src/stm32f0xx_hal_pwr.c **** /**
 442:Drivers/STM32F0xx_HAL_Driver/Src/stm32f0xx_hal_pwr.c ****   * @brief Disables CORTEX M4 SEVONPEND bit. 
 443:Drivers/STM32F0xx_HAL_Driver/Src/stm32f0xx_hal_pwr.c ****   * @note Clears SEVONPEND bit of SCR register. When this bit is set, this causes 
 444:Drivers/STM32F0xx_HAL_Driver/Src/stm32f0xx_hal_pwr.c ****   *       WFE to wake up when an interrupt moves from inactive to pended.         
 445:Drivers/STM32F0xx_HAL_Driver/Src/stm32f0xx_hal_pwr.c ****   * @retval None
 446:Drivers/STM32F0xx_HAL_Driver/Src/stm32f0xx_hal_pwr.c ****   */
 447:Drivers/STM32F0xx_HAL_Driver/Src/stm32f0xx_hal_pwr.c **** void HAL_PWR_DisableSEVOnPend(void)
 448:Drivers/STM32F0xx_HAL_Driver/Src/stm32f0xx_hal_pwr.c **** {
 489              		.loc 1 448 0
 490              		.cfi_startproc
 449:Drivers/STM32F0xx_HAL_Driver/Src/stm32f0xx_hal_pwr.c ****   /* Clear SEVONPEND bit of Cortex System Control Register */
 450:Drivers/STM32F0xx_HAL_Driver/Src/stm32f0xx_hal_pwr.c ****   CLEAR_BIT(SCB->SCR, ((uint32_t)SCB_SCR_SEVONPEND_Msk));
 491              		.loc 1 450 0
 492 0000 024A     		ldr	r2, .L39
 493 0002 1369     		ldr	r3, [r2, #16]
 494 0004 1021     		mov	r1, #16
 495 0006 8B43     		bic	r3, r1
 496 0008 1361     		str	r3, [r2, #16]
 451:Drivers/STM32F0xx_HAL_Driver/Src/stm32f0xx_hal_pwr.c **** }
 497              		.loc 1 451 0
 498              		@ sp needed
 499 000a 7047     		bx	lr
 500              	.L40:
 501              		.align	2
 502              	.L39:
 503 000c 00ED00E0 		.word	-536810240
 504              		.cfi_endproc
 505              	.LFE45:
 506              		.cantunwind
 507              		.fnend
 509              		.text
 510              	.Letext0:
 511              		.file 3 "/usr/include/newlib/machine/_default_types.h"
 512              		.file 4 "/usr/include/newlib/sys/_stdint.h"
 513              		.file 5 "Drivers/CMSIS/Include/core_cm0.h"
 514              		.file 6 "Drivers/CMSIS/Device/ST/STM32F0xx/Include/stm32f051x8.h"
ARM GAS  /tmp/cct5st2Q.s 			page 25


DEFINED SYMBOLS
                            *ABS*:0000000000000000 stm32f0xx_hal_pwr.c
     /tmp/cct5st2Q.s:18     .text.HAL_PWR_DeInit:0000000000000000 $t
     /tmp/cct5st2Q.s:23     .text.HAL_PWR_DeInit:0000000000000000 HAL_PWR_DeInit
     /tmp/cct5st2Q.s:47     .text.HAL_PWR_DeInit:0000000000000018 $d
   .ARM.exidx.text.HAL_PWR_DeInit:0000000000000000 $d
     /tmp/cct5st2Q.s:55     .text.HAL_PWR_EnableBkUpAccess:0000000000000000 $t
     /tmp/cct5st2Q.s:60     .text.HAL_PWR_EnableBkUpAccess:0000000000000000 HAL_PWR_EnableBkUpAccess
     /tmp/cct5st2Q.s:78     .text.HAL_PWR_EnableBkUpAccess:0000000000000010 $d
.ARM.exidx.text.HAL_PWR_EnableBkUpAccess:0000000000000000 $d
     /tmp/cct5st2Q.s:85     .text.HAL_PWR_DisableBkUpAccess:0000000000000000 $t
     /tmp/cct5st2Q.s:90     .text.HAL_PWR_DisableBkUpAccess:0000000000000000 HAL_PWR_DisableBkUpAccess
     /tmp/cct5st2Q.s:107    .text.HAL_PWR_DisableBkUpAccess:000000000000000c $d
.ARM.exidx.text.HAL_PWR_DisableBkUpAccess:0000000000000000 $d
     /tmp/cct5st2Q.s:115    .text.HAL_PWR_EnableWakeUpPin:0000000000000000 $t
     /tmp/cct5st2Q.s:120    .text.HAL_PWR_EnableWakeUpPin:0000000000000000 HAL_PWR_EnableWakeUpPin
     /tmp/cct5st2Q.s:138    .text.HAL_PWR_EnableWakeUpPin:000000000000000c $d
.ARM.exidx.text.HAL_PWR_EnableWakeUpPin:0000000000000000 $d
     /tmp/cct5st2Q.s:145    .text.HAL_PWR_DisableWakeUpPin:0000000000000000 $t
     /tmp/cct5st2Q.s:150    .text.HAL_PWR_DisableWakeUpPin:0000000000000000 HAL_PWR_DisableWakeUpPin
     /tmp/cct5st2Q.s:167    .text.HAL_PWR_DisableWakeUpPin:000000000000000c $d
.ARM.exidx.text.HAL_PWR_DisableWakeUpPin:0000000000000000 $d
     /tmp/cct5st2Q.s:174    .text.HAL_PWR_EnterSLEEPMode:0000000000000000 $t
     /tmp/cct5st2Q.s:179    .text.HAL_PWR_EnterSLEEPMode:0000000000000000 HAL_PWR_EnterSLEEPMode
     /tmp/cct5st2Q.s:240    .text.HAL_PWR_EnterSLEEPMode:000000000000001c $d
.ARM.exidx.text.HAL_PWR_EnterSLEEPMode:0000000000000000 $d
     /tmp/cct5st2Q.s:247    .text.HAL_PWR_EnterSTOPMode:0000000000000000 $t
     /tmp/cct5st2Q.s:252    .text.HAL_PWR_EnterSTOPMode:0000000000000000 HAL_PWR_EnterSTOPMode
     /tmp/cct5st2Q.s:341    .text.HAL_PWR_EnterSTOPMode:0000000000000034 $d
.ARM.exidx.text.HAL_PWR_EnterSTOPMode:0000000000000000 $d
     /tmp/cct5st2Q.s:349    .text.HAL_PWR_EnterSTANDBYMode:0000000000000000 $t
     /tmp/cct5st2Q.s:354    .text.HAL_PWR_EnterSTANDBYMode:0000000000000000 HAL_PWR_EnterSTANDBYMode
     /tmp/cct5st2Q.s:386    .text.HAL_PWR_EnterSTANDBYMode:0000000000000018 $d
.ARM.exidx.text.HAL_PWR_EnterSTANDBYMode:0000000000000000 $d
     /tmp/cct5st2Q.s:394    .text.HAL_PWR_EnableSleepOnExit:0000000000000000 $t
     /tmp/cct5st2Q.s:399    .text.HAL_PWR_EnableSleepOnExit:0000000000000000 HAL_PWR_EnableSleepOnExit
     /tmp/cct5st2Q.s:416    .text.HAL_PWR_EnableSleepOnExit:000000000000000c $d
.ARM.exidx.text.HAL_PWR_EnableSleepOnExit:0000000000000000 $d
     /tmp/cct5st2Q.s:423    .text.HAL_PWR_DisableSleepOnExit:0000000000000000 $t
     /tmp/cct5st2Q.s:428    .text.HAL_PWR_DisableSleepOnExit:0000000000000000 HAL_PWR_DisableSleepOnExit
     /tmp/cct5st2Q.s:445    .text.HAL_PWR_DisableSleepOnExit:000000000000000c $d
.ARM.exidx.text.HAL_PWR_DisableSleepOnExit:0000000000000000 $d
     /tmp/cct5st2Q.s:452    .text.HAL_PWR_EnableSEVOnPend:0000000000000000 $t
     /tmp/cct5st2Q.s:457    .text.HAL_PWR_EnableSEVOnPend:0000000000000000 HAL_PWR_EnableSEVOnPend
     /tmp/cct5st2Q.s:474    .text.HAL_PWR_EnableSEVOnPend:000000000000000c $d
.ARM.exidx.text.HAL_PWR_EnableSEVOnPend:0000000000000000 $d
     /tmp/cct5st2Q.s:481    .text.HAL_PWR_DisableSEVOnPend:0000000000000000 $t
     /tmp/cct5st2Q.s:486    .text.HAL_PWR_DisableSEVOnPend:0000000000000000 HAL_PWR_DisableSEVOnPend
     /tmp/cct5st2Q.s:503    .text.HAL_PWR_DisableSEVOnPend:000000000000000c $d
.ARM.exidx.text.HAL_PWR_DisableSEVOnPend:0000000000000000 $d
                     .debug_frame:0000000000000010 $d

NO UNDEFINED SYMBOLS
