ARM GAS  /tmp/ccEE3Ync.s 			page 1


   1              		.cpu cortex-m0
   2              		.fpu softvfp
   3              		.eabi_attribute 20, 1
   4              		.eabi_attribute 21, 1
   5              		.eabi_attribute 23, 3
   6              		.eabi_attribute 24, 1
   7              		.eabi_attribute 25, 1
   8              		.eabi_attribute 26, 1
   9              		.eabi_attribute 30, 1
  10              		.eabi_attribute 34, 0
  11              		.eabi_attribute 18, 4
  12              		.code	16
  13              		.file	"system_stm32f0xx.c"
  14              		.text
  15              	.Ltext0:
  16              		.cfi_sections	.debug_frame
  17              		.section	.text.SystemInit,"ax",%progbits
  18              		.align	2
  19              		.global	SystemInit
  20              		.code	16
  21              		.thumb_func
  23              	SystemInit:
  24              		.fnstart
  25              	.LFB34:
  26              		.file 1 "Src/system_stm32f0xx.c"
   1:Src/system_stm32f0xx.c **** /**
   2:Src/system_stm32f0xx.c ****   ******************************************************************************
   3:Src/system_stm32f0xx.c ****   * @file    system_stm32f0xx.c
   4:Src/system_stm32f0xx.c ****   * @author  MCD Application Team
   5:Src/system_stm32f0xx.c ****   * @brief   CMSIS Cortex-M0 Device Peripheral Access Layer System Source File.
   6:Src/system_stm32f0xx.c ****   *
   7:Src/system_stm32f0xx.c ****   * 1. This file provides two functions and one global variable to be called from
   8:Src/system_stm32f0xx.c ****   *    user application:
   9:Src/system_stm32f0xx.c ****   *      - SystemInit(): This function is called at startup just after reset and 
  10:Src/system_stm32f0xx.c ****   *                      before branch to main program. This call is made inside
  11:Src/system_stm32f0xx.c ****   *                      the "startup_stm32f0xx.s" file.
  12:Src/system_stm32f0xx.c ****   *
  13:Src/system_stm32f0xx.c ****   *      - SystemCoreClock variable: Contains the core clock (HCLK), it can be used
  14:Src/system_stm32f0xx.c ****   *                                  by the user application to setup the SysTick
  15:Src/system_stm32f0xx.c ****   *                                  timer or configure other parameters.
  16:Src/system_stm32f0xx.c ****   *
  17:Src/system_stm32f0xx.c ****   *      - SystemCoreClockUpdate(): Updates the variable SystemCoreClock and must
  18:Src/system_stm32f0xx.c ****   *                                 be called whenever the core clock is changed
  19:Src/system_stm32f0xx.c ****   *                                 during program execution.
  20:Src/system_stm32f0xx.c ****   *
  21:Src/system_stm32f0xx.c ****   * 2. After each device reset the HSI (8 MHz) is used as system clock source.
  22:Src/system_stm32f0xx.c ****   *    Then SystemInit() function is called, in "startup_stm32f0xx.s" file, to
  23:Src/system_stm32f0xx.c ****   *    configure the system clock before to branch to main program.
  24:Src/system_stm32f0xx.c ****   *
  25:Src/system_stm32f0xx.c ****   * 3. This file configures the system clock as follows:
  26:Src/system_stm32f0xx.c ****   *=============================================================================
  27:Src/system_stm32f0xx.c ****   *                         Supported STM32F0xx device
  28:Src/system_stm32f0xx.c ****   *-----------------------------------------------------------------------------
  29:Src/system_stm32f0xx.c ****   *        System Clock source                    | HSI
  30:Src/system_stm32f0xx.c ****   *-----------------------------------------------------------------------------
  31:Src/system_stm32f0xx.c ****   *        SYSCLK(Hz)                             | 8000000
  32:Src/system_stm32f0xx.c ****   *-----------------------------------------------------------------------------
ARM GAS  /tmp/ccEE3Ync.s 			page 2


  33:Src/system_stm32f0xx.c ****   *        HCLK(Hz)                               | 8000000
  34:Src/system_stm32f0xx.c ****   *-----------------------------------------------------------------------------
  35:Src/system_stm32f0xx.c ****   *        AHB Prescaler                          | 1
  36:Src/system_stm32f0xx.c ****   *-----------------------------------------------------------------------------
  37:Src/system_stm32f0xx.c ****   *        APB1 Prescaler                         | 1
  38:Src/system_stm32f0xx.c ****   *-----------------------------------------------------------------------------
  39:Src/system_stm32f0xx.c ****   *=============================================================================
  40:Src/system_stm32f0xx.c ****   ******************************************************************************
  41:Src/system_stm32f0xx.c ****   * @attention
  42:Src/system_stm32f0xx.c ****   *
  43:Src/system_stm32f0xx.c ****   * <h2><center>&copy; COPYRIGHT(c) 2016 STMicroelectronics</center></h2>
  44:Src/system_stm32f0xx.c ****   *
  45:Src/system_stm32f0xx.c ****   * Redistribution and use in source and binary forms, with or without modification,
  46:Src/system_stm32f0xx.c ****   * are permitted provided that the following conditions are met:
  47:Src/system_stm32f0xx.c ****   *   1. Redistributions of source code must retain the above copyright notice,
  48:Src/system_stm32f0xx.c ****   *      this list of conditions and the following disclaimer.
  49:Src/system_stm32f0xx.c ****   *   2. Redistributions in binary form must reproduce the above copyright notice,
  50:Src/system_stm32f0xx.c ****   *      this list of conditions and the following disclaimer in the documentation
  51:Src/system_stm32f0xx.c ****   *      and/or other materials provided with the distribution.
  52:Src/system_stm32f0xx.c ****   *   3. Neither the name of STMicroelectronics nor the names of its contributors
  53:Src/system_stm32f0xx.c ****   *      may be used to endorse or promote products derived from this software
  54:Src/system_stm32f0xx.c ****   *      without specific prior written permission.
  55:Src/system_stm32f0xx.c ****   *
  56:Src/system_stm32f0xx.c ****   * THIS SOFTWARE IS PROVIDED BY THE COPYRIGHT HOLDERS AND CONTRIBUTORS "AS IS"
  57:Src/system_stm32f0xx.c ****   * AND ANY EXPRESS OR IMPLIED WARRANTIES, INCLUDING, BUT NOT LIMITED TO, THE
  58:Src/system_stm32f0xx.c ****   * IMPLIED WARRANTIES OF MERCHANTABILITY AND FITNESS FOR A PARTICULAR PURPOSE ARE
  59:Src/system_stm32f0xx.c ****   * DISCLAIMED. IN NO EVENT SHALL THE COPYRIGHT HOLDER OR CONTRIBUTORS BE LIABLE
  60:Src/system_stm32f0xx.c ****   * FOR ANY DIRECT, INDIRECT, INCIDENTAL, SPECIAL, EXEMPLARY, OR CONSEQUENTIAL
  61:Src/system_stm32f0xx.c ****   * DAMAGES (INCLUDING, BUT NOT LIMITED TO, PROCUREMENT OF SUBSTITUTE GOODS OR
  62:Src/system_stm32f0xx.c ****   * SERVICES; LOSS OF USE, DATA, OR PROFITS; OR BUSINESS INTERRUPTION) HOWEVER
  63:Src/system_stm32f0xx.c ****   * CAUSED AND ON ANY THEORY OF LIABILITY, WHETHER IN CONTRACT, STRICT LIABILITY,
  64:Src/system_stm32f0xx.c ****   * OR TORT (INCLUDING NEGLIGENCE OR OTHERWISE) ARISING IN ANY WAY OUT OF THE USE
  65:Src/system_stm32f0xx.c ****   * OF THIS SOFTWARE, EVEN IF ADVISED OF THE POSSIBILITY OF SUCH DAMAGE.
  66:Src/system_stm32f0xx.c ****   *
  67:Src/system_stm32f0xx.c ****   ******************************************************************************
  68:Src/system_stm32f0xx.c ****   */
  69:Src/system_stm32f0xx.c **** 
  70:Src/system_stm32f0xx.c **** /** @addtogroup CMSIS
  71:Src/system_stm32f0xx.c ****   * @{
  72:Src/system_stm32f0xx.c ****   */
  73:Src/system_stm32f0xx.c **** 
  74:Src/system_stm32f0xx.c **** /** @addtogroup stm32f0xx_system
  75:Src/system_stm32f0xx.c ****   * @{
  76:Src/system_stm32f0xx.c ****   */
  77:Src/system_stm32f0xx.c **** 
  78:Src/system_stm32f0xx.c **** /** @addtogroup STM32F0xx_System_Private_Includes
  79:Src/system_stm32f0xx.c ****   * @{
  80:Src/system_stm32f0xx.c ****   */
  81:Src/system_stm32f0xx.c **** 
  82:Src/system_stm32f0xx.c **** #include "stm32f0xx.h"
  83:Src/system_stm32f0xx.c **** 
  84:Src/system_stm32f0xx.c **** /**
  85:Src/system_stm32f0xx.c ****   * @}
  86:Src/system_stm32f0xx.c ****   */
  87:Src/system_stm32f0xx.c **** 
  88:Src/system_stm32f0xx.c **** /** @addtogroup STM32F0xx_System_Private_TypesDefinitions
  89:Src/system_stm32f0xx.c ****   * @{
ARM GAS  /tmp/ccEE3Ync.s 			page 3


  90:Src/system_stm32f0xx.c ****   */
  91:Src/system_stm32f0xx.c **** 
  92:Src/system_stm32f0xx.c **** /**
  93:Src/system_stm32f0xx.c ****   * @}
  94:Src/system_stm32f0xx.c ****   */
  95:Src/system_stm32f0xx.c **** 
  96:Src/system_stm32f0xx.c **** /** @addtogroup STM32F0xx_System_Private_Defines
  97:Src/system_stm32f0xx.c ****   * @{
  98:Src/system_stm32f0xx.c ****   */
  99:Src/system_stm32f0xx.c **** #if !defined  (HSE_VALUE) 
 100:Src/system_stm32f0xx.c ****   #define HSE_VALUE    ((uint32_t)8000000) /*!< Default value of the External oscillator in Hz.
 101:Src/system_stm32f0xx.c ****                                                 This value can be provided and adapted by the user 
 102:Src/system_stm32f0xx.c **** #endif /* HSE_VALUE */
 103:Src/system_stm32f0xx.c **** 
 104:Src/system_stm32f0xx.c **** #if !defined  (HSI_VALUE)
 105:Src/system_stm32f0xx.c ****   #define HSI_VALUE    ((uint32_t)8000000) /*!< Default value of the Internal oscillator in Hz.
 106:Src/system_stm32f0xx.c ****                                                 This value can be provided and adapted by the user 
 107:Src/system_stm32f0xx.c **** #endif /* HSI_VALUE */
 108:Src/system_stm32f0xx.c **** 
 109:Src/system_stm32f0xx.c **** #if !defined (HSI48_VALUE)
 110:Src/system_stm32f0xx.c **** #define HSI48_VALUE    ((uint32_t)48000000) /*!< Default value of the HSI48 Internal oscillator in 
 111:Src/system_stm32f0xx.c ****                                                  This value can be provided and adapted by the user
 112:Src/system_stm32f0xx.c **** #endif /* HSI48_VALUE */
 113:Src/system_stm32f0xx.c **** /**
 114:Src/system_stm32f0xx.c ****   * @}
 115:Src/system_stm32f0xx.c ****   */
 116:Src/system_stm32f0xx.c **** 
 117:Src/system_stm32f0xx.c **** /** @addtogroup STM32F0xx_System_Private_Macros
 118:Src/system_stm32f0xx.c ****   * @{
 119:Src/system_stm32f0xx.c ****   */
 120:Src/system_stm32f0xx.c **** 
 121:Src/system_stm32f0xx.c **** /**
 122:Src/system_stm32f0xx.c ****   * @}
 123:Src/system_stm32f0xx.c ****   */
 124:Src/system_stm32f0xx.c **** 
 125:Src/system_stm32f0xx.c **** /** @addtogroup STM32F0xx_System_Private_Variables
 126:Src/system_stm32f0xx.c ****   * @{
 127:Src/system_stm32f0xx.c ****   */
 128:Src/system_stm32f0xx.c ****   /* This variable is updated in three ways:
 129:Src/system_stm32f0xx.c ****       1) by calling CMSIS function SystemCoreClockUpdate()
 130:Src/system_stm32f0xx.c ****       2) by calling HAL API function HAL_RCC_GetHCLKFreq()
 131:Src/system_stm32f0xx.c ****       3) each time HAL_RCC_ClockConfig() is called to configure the system clock frequency
 132:Src/system_stm32f0xx.c ****          Note: If you use this function to configure the system clock there is no need to
 133:Src/system_stm32f0xx.c ****                call the 2 first functions listed above, since SystemCoreClock variable is 
 134:Src/system_stm32f0xx.c ****                updated automatically.
 135:Src/system_stm32f0xx.c ****   */
 136:Src/system_stm32f0xx.c **** uint32_t SystemCoreClock = 8000000;
 137:Src/system_stm32f0xx.c **** 
 138:Src/system_stm32f0xx.c **** const uint8_t AHBPrescTable[16] = {0, 0, 0, 0, 0, 0, 0, 0, 1, 2, 3, 4, 6, 7, 8, 9};
 139:Src/system_stm32f0xx.c **** const uint8_t APBPrescTable[8]  = {0, 0, 0, 0, 1, 2, 3, 4};
 140:Src/system_stm32f0xx.c **** 
 141:Src/system_stm32f0xx.c **** /**
 142:Src/system_stm32f0xx.c ****   * @}
 143:Src/system_stm32f0xx.c ****   */
 144:Src/system_stm32f0xx.c **** 
 145:Src/system_stm32f0xx.c **** /** @addtogroup STM32F0xx_System_Private_FunctionPrototypes
 146:Src/system_stm32f0xx.c ****   * @{
ARM GAS  /tmp/ccEE3Ync.s 			page 4


 147:Src/system_stm32f0xx.c ****   */
 148:Src/system_stm32f0xx.c **** 
 149:Src/system_stm32f0xx.c **** /**
 150:Src/system_stm32f0xx.c ****   * @}
 151:Src/system_stm32f0xx.c ****   */
 152:Src/system_stm32f0xx.c **** 
 153:Src/system_stm32f0xx.c **** /** @addtogroup STM32F0xx_System_Private_Functions
 154:Src/system_stm32f0xx.c ****   * @{
 155:Src/system_stm32f0xx.c ****   */
 156:Src/system_stm32f0xx.c **** 
 157:Src/system_stm32f0xx.c **** /**
 158:Src/system_stm32f0xx.c ****   * @brief  Setup the microcontroller system.
 159:Src/system_stm32f0xx.c ****   *         Initialize the default HSI clock source, vector table location and the PLL configuratio
 160:Src/system_stm32f0xx.c ****   * @param  None
 161:Src/system_stm32f0xx.c ****   * @retval None
 162:Src/system_stm32f0xx.c ****   */
 163:Src/system_stm32f0xx.c **** void SystemInit(void)
 164:Src/system_stm32f0xx.c **** {
  27              		.loc 1 164 0
  28              		.cfi_startproc
 165:Src/system_stm32f0xx.c ****   /* Reset the RCC clock configuration to the default reset state ------------*/
 166:Src/system_stm32f0xx.c ****   /* Set HSION bit */
 167:Src/system_stm32f0xx.c ****   RCC->CR |= (uint32_t)0x00000001U;
  29              		.loc 1 167 0
  30 0000 114B     		ldr	r3, .L2
  31 0002 1A68     		ldr	r2, [r3]
  32 0004 0121     		mov	r1, #1
  33 0006 0A43     		orr	r2, r1
  34 0008 1A60     		str	r2, [r3]
 168:Src/system_stm32f0xx.c **** 
 169:Src/system_stm32f0xx.c **** #if defined (STM32F051x8) || defined (STM32F058x8)
 170:Src/system_stm32f0xx.c ****   /* Reset SW[1:0], HPRE[3:0], PPRE[2:0], ADCPRE and MCOSEL[2:0] bits */
 171:Src/system_stm32f0xx.c ****   RCC->CFGR &= (uint32_t)0xF8FFB80CU;
  35              		.loc 1 171 0
  36 000a 5868     		ldr	r0, [r3, #4]
  37 000c 0F4A     		ldr	r2, .L2+4
  38 000e 0240     		and	r2, r0
  39 0010 5A60     		str	r2, [r3, #4]
 172:Src/system_stm32f0xx.c **** #else
 173:Src/system_stm32f0xx.c ****   /* Reset SW[1:0], HPRE[3:0], PPRE[2:0], ADCPRE, MCOSEL[2:0], MCOPRE[2:0] and PLLNODIV bits */
 174:Src/system_stm32f0xx.c ****   RCC->CFGR &= (uint32_t)0x08FFB80CU;
 175:Src/system_stm32f0xx.c **** #endif /* STM32F051x8 or STM32F058x8 */
 176:Src/system_stm32f0xx.c ****   
 177:Src/system_stm32f0xx.c ****   /* Reset HSEON, CSSON and PLLON bits */
 178:Src/system_stm32f0xx.c ****   RCC->CR &= (uint32_t)0xFEF6FFFFU;
  40              		.loc 1 178 0
  41 0012 1868     		ldr	r0, [r3]
  42 0014 0E4A     		ldr	r2, .L2+8
  43 0016 0240     		and	r2, r0
  44 0018 1A60     		str	r2, [r3]
 179:Src/system_stm32f0xx.c **** 
 180:Src/system_stm32f0xx.c ****   /* Reset HSEBYP bit */
 181:Src/system_stm32f0xx.c ****   RCC->CR &= (uint32_t)0xFFFBFFFFU;
  45              		.loc 1 181 0
  46 001a 1868     		ldr	r0, [r3]
  47 001c 0D4A     		ldr	r2, .L2+12
  48 001e 0240     		and	r2, r0
ARM GAS  /tmp/ccEE3Ync.s 			page 5


  49 0020 1A60     		str	r2, [r3]
 182:Src/system_stm32f0xx.c **** 
 183:Src/system_stm32f0xx.c ****   /* Reset PLLSRC, PLLXTPRE and PLLMUL[3:0] bits */
 184:Src/system_stm32f0xx.c ****   RCC->CFGR &= (uint32_t)0xFFC0FFFFU;
  50              		.loc 1 184 0
  51 0022 5868     		ldr	r0, [r3, #4]
  52 0024 0C4A     		ldr	r2, .L2+16
  53 0026 0240     		and	r2, r0
  54 0028 5A60     		str	r2, [r3, #4]
 185:Src/system_stm32f0xx.c **** 
 186:Src/system_stm32f0xx.c ****   /* Reset PREDIV[3:0] bits */
 187:Src/system_stm32f0xx.c ****   RCC->CFGR2 &= (uint32_t)0xFFFFFFF0U;
  55              		.loc 1 187 0
  56 002a DA6A     		ldr	r2, [r3, #44]
  57 002c 0F20     		mov	r0, #15
  58 002e 8243     		bic	r2, r0
  59 0030 DA62     		str	r2, [r3, #44]
 188:Src/system_stm32f0xx.c **** 
 189:Src/system_stm32f0xx.c **** #if defined (STM32F072xB) || defined (STM32F078xx)
 190:Src/system_stm32f0xx.c ****   /* Reset USART2SW[1:0], USART1SW[1:0], I2C1SW, CECSW, USBSW and ADCSW bits */
 191:Src/system_stm32f0xx.c ****   RCC->CFGR3 &= (uint32_t)0xFFFCFE2CU;
 192:Src/system_stm32f0xx.c **** #elif defined (STM32F071xB)
 193:Src/system_stm32f0xx.c ****   /* Reset USART2SW[1:0], USART1SW[1:0], I2C1SW, CECSW and ADCSW bits */
 194:Src/system_stm32f0xx.c ****   RCC->CFGR3 &= (uint32_t)0xFFFFCEACU;
 195:Src/system_stm32f0xx.c **** #elif defined (STM32F091xC) || defined (STM32F098xx)
 196:Src/system_stm32f0xx.c ****   /* Reset USART3SW[1:0], USART2SW[1:0], USART1SW[1:0], I2C1SW, CECSW and ADCSW bits */
 197:Src/system_stm32f0xx.c ****   RCC->CFGR3 &= (uint32_t)0xFFF0FEACU;
 198:Src/system_stm32f0xx.c **** #elif defined (STM32F030x6) || defined (STM32F030x8) || defined (STM32F031x6) || defined (STM32F038
 199:Src/system_stm32f0xx.c ****   /* Reset USART1SW[1:0], I2C1SW and ADCSW bits */
 200:Src/system_stm32f0xx.c ****   RCC->CFGR3 &= (uint32_t)0xFFFFFEECU;
 201:Src/system_stm32f0xx.c **** #elif defined (STM32F051x8) || defined (STM32F058xx)
 202:Src/system_stm32f0xx.c ****   /* Reset USART1SW[1:0], I2C1SW, CECSW and ADCSW bits */
 203:Src/system_stm32f0xx.c ****   RCC->CFGR3 &= (uint32_t)0xFFFFFEACU;
  60              		.loc 1 203 0
  61 0032 186B     		ldr	r0, [r3, #48]
  62 0034 094A     		ldr	r2, .L2+20
  63 0036 0240     		and	r2, r0
  64 0038 1A63     		str	r2, [r3, #48]
 204:Src/system_stm32f0xx.c **** #elif defined (STM32F042x6) || defined (STM32F048xx)
 205:Src/system_stm32f0xx.c ****   /* Reset USART1SW[1:0], I2C1SW, CECSW, USBSW and ADCSW bits */
 206:Src/system_stm32f0xx.c ****   RCC->CFGR3 &= (uint32_t)0xFFFFFE2CU;
 207:Src/system_stm32f0xx.c **** #elif defined (STM32F070x6) || defined (STM32F070xB)
 208:Src/system_stm32f0xx.c ****   /* Reset USART1SW[1:0], I2C1SW, USBSW and ADCSW bits */
 209:Src/system_stm32f0xx.c ****   RCC->CFGR3 &= (uint32_t)0xFFFFFE6CU;
 210:Src/system_stm32f0xx.c ****   /* Set default USB clock to PLLCLK, since there is no HSI48 */
 211:Src/system_stm32f0xx.c ****   RCC->CFGR3 |= (uint32_t)0x00000080U;  
 212:Src/system_stm32f0xx.c **** #else
 213:Src/system_stm32f0xx.c ****  #warning "No target selected"
 214:Src/system_stm32f0xx.c **** #endif
 215:Src/system_stm32f0xx.c **** 
 216:Src/system_stm32f0xx.c ****   /* Reset HSI14 bit */
 217:Src/system_stm32f0xx.c ****   RCC->CR2 &= (uint32_t)0xFFFFFFFEU;
  65              		.loc 1 217 0
  66 003a 5A6B     		ldr	r2, [r3, #52]
  67 003c 8A43     		bic	r2, r1
  68 003e 5A63     		str	r2, [r3, #52]
 218:Src/system_stm32f0xx.c **** 
ARM GAS  /tmp/ccEE3Ync.s 			page 6


 219:Src/system_stm32f0xx.c ****   /* Disable all interrupts */
 220:Src/system_stm32f0xx.c ****   RCC->CIR = 0x00000000U;
  69              		.loc 1 220 0
  70 0040 0022     		mov	r2, #0
  71 0042 9A60     		str	r2, [r3, #8]
 221:Src/system_stm32f0xx.c **** 
 222:Src/system_stm32f0xx.c **** }
  72              		.loc 1 222 0
  73              		@ sp needed
  74 0044 7047     		bx	lr
  75              	.L3:
  76 0046 C046     		.align	2
  77              	.L2:
  78 0048 00100240 		.word	1073876992
  79 004c 0CB8FFF8 		.word	-117458932
  80 0050 FFFFF6FE 		.word	-17367041
  81 0054 FFFFFBFF 		.word	-262145
  82 0058 FFFFC0FF 		.word	-4128769
  83 005c ACFEFFFF 		.word	-340
  84              		.cfi_endproc
  85              	.LFE34:
  86              		.cantunwind
  87              		.fnend
  89              		.global	__aeabi_uidiv
  90              		.section	.text.SystemCoreClockUpdate,"ax",%progbits
  91              		.align	2
  92              		.global	SystemCoreClockUpdate
  93              		.code	16
  94              		.thumb_func
  96              	SystemCoreClockUpdate:
  97              		.fnstart
  98              	.LFB35:
 223:Src/system_stm32f0xx.c **** 
 224:Src/system_stm32f0xx.c **** /**
 225:Src/system_stm32f0xx.c ****    * @brief  Update SystemCoreClock variable according to Clock Register Values.
 226:Src/system_stm32f0xx.c ****   *         The SystemCoreClock variable contains the core clock (HCLK), it can
 227:Src/system_stm32f0xx.c ****   *         be used by the user application to setup the SysTick timer or configure
 228:Src/system_stm32f0xx.c ****   *         other parameters.
 229:Src/system_stm32f0xx.c ****   *
 230:Src/system_stm32f0xx.c ****   * @note   Each time the core clock (HCLK) changes, this function must be called
 231:Src/system_stm32f0xx.c ****   *         to update SystemCoreClock variable value. Otherwise, any configuration
 232:Src/system_stm32f0xx.c ****   *         based on this variable will be incorrect.
 233:Src/system_stm32f0xx.c ****   *
 234:Src/system_stm32f0xx.c ****   * @note   - The system frequency computed by this function is not the real
 235:Src/system_stm32f0xx.c ****   *           frequency in the chip. It is calculated based on the predefined
 236:Src/system_stm32f0xx.c ****   *           constant and the selected clock source:
 237:Src/system_stm32f0xx.c ****   *
 238:Src/system_stm32f0xx.c ****   *           - If SYSCLK source is HSI, SystemCoreClock will contain the HSI_VALUE(*)
 239:Src/system_stm32f0xx.c ****   *
 240:Src/system_stm32f0xx.c ****   *           - If SYSCLK source is HSE, SystemCoreClock will contain the HSE_VALUE(**)
 241:Src/system_stm32f0xx.c ****   *
 242:Src/system_stm32f0xx.c ****   *           - If SYSCLK source is PLL, SystemCoreClock will contain the HSE_VALUE(**)
 243:Src/system_stm32f0xx.c ****   *             or HSI_VALUE(*) multiplied/divided by the PLL factors.
 244:Src/system_stm32f0xx.c ****   *
 245:Src/system_stm32f0xx.c ****   *         (*) HSI_VALUE is a constant defined in stm32f0xx_hal.h file (default value
 246:Src/system_stm32f0xx.c ****   *             8 MHz) but the real value may vary depending on the variations
 247:Src/system_stm32f0xx.c ****   *             in voltage and temperature.
ARM GAS  /tmp/ccEE3Ync.s 			page 7


 248:Src/system_stm32f0xx.c ****   *
 249:Src/system_stm32f0xx.c ****   *         (**) HSE_VALUE is a constant defined in stm32f0xx_hal.h file (default value
 250:Src/system_stm32f0xx.c ****   *              8 MHz), user has to ensure that HSE_VALUE is same as the real
 251:Src/system_stm32f0xx.c ****   *              frequency of the crystal used. Otherwise, this function may
 252:Src/system_stm32f0xx.c ****   *              have wrong result.
 253:Src/system_stm32f0xx.c ****   *
 254:Src/system_stm32f0xx.c ****   *         - The result of this function could be not correct when using fractional
 255:Src/system_stm32f0xx.c ****   *           value for HSE crystal.
 256:Src/system_stm32f0xx.c ****   *
 257:Src/system_stm32f0xx.c ****   * @param  None
 258:Src/system_stm32f0xx.c ****   * @retval None
 259:Src/system_stm32f0xx.c ****   */
 260:Src/system_stm32f0xx.c **** void SystemCoreClockUpdate (void)
 261:Src/system_stm32f0xx.c **** {
  99              		.loc 1 261 0
 100              		.cfi_startproc
 101 0000 10B5     		push	{r4, lr}
 102              	.LCFI0:
 103              		.cfi_def_cfa_offset 8
 104              		.cfi_offset 4, -8
 105              		.cfi_offset 14, -4
 106              	.LVL0:
 107              	.LBB2:
 262:Src/system_stm32f0xx.c ****   uint32_t tmp = 0, pllmull = 0, pllsource = 0, predivfactor = 0;
 263:Src/system_stm32f0xx.c **** 
 264:Src/system_stm32f0xx.c ****   /* Get SYSCLK source -------------------------------------------------------*/
 265:Src/system_stm32f0xx.c ****   tmp = RCC->CFGR & RCC_CFGR_SWS;
 108              		.loc 1 265 0
 109 0002 1C4B     		ldr	r3, .L12
 110 0004 5B68     		ldr	r3, [r3, #4]
 111 0006 0C22     		mov	r2, #12
 112 0008 1340     		and	r3, r2
 113              	.LVL1:
 266:Src/system_stm32f0xx.c **** 
 267:Src/system_stm32f0xx.c ****   switch (tmp)
 114              		.loc 1 267 0
 115 000a 042B     		cmp	r3, #4
 116 000c 07D0     		beq	.L6
 117 000e 082B     		cmp	r3, #8
 118 0010 09D0     		beq	.L7
 119 0012 002B     		cmp	r3, #0
 120 0014 1FD1     		bne	.L11
 268:Src/system_stm32f0xx.c ****   {
 269:Src/system_stm32f0xx.c ****     case RCC_CFGR_SWS_HSI:  /* HSI used as system clock */
 270:Src/system_stm32f0xx.c ****       SystemCoreClock = HSI_VALUE;
 121              		.loc 1 270 0
 122 0016 184A     		ldr	r2, .L12+4
 123 0018 184B     		ldr	r3, .L12+8
 124              	.LVL2:
 125 001a 1A60     		str	r2, [r3]
 271:Src/system_stm32f0xx.c ****       break;
 126              		.loc 1 271 0
 127 001c 1EE0     		b	.L9
 128              	.LVL3:
 129              	.L6:
 272:Src/system_stm32f0xx.c ****     case RCC_CFGR_SWS_HSE:  /* HSE used as system clock */
 273:Src/system_stm32f0xx.c ****       SystemCoreClock = HSE_VALUE;
ARM GAS  /tmp/ccEE3Ync.s 			page 8


 130              		.loc 1 273 0
 131 001e 164A     		ldr	r2, .L12+4
 132 0020 164B     		ldr	r3, .L12+8
 133              	.LVL4:
 134 0022 1A60     		str	r2, [r3]
 274:Src/system_stm32f0xx.c ****       break;
 135              		.loc 1 274 0
 136 0024 1AE0     		b	.L9
 137              	.LVL5:
 138              	.L7:
 275:Src/system_stm32f0xx.c ****     case RCC_CFGR_SWS_PLL:  /* PLL used as system clock */
 276:Src/system_stm32f0xx.c ****       /* Get PLL clock source and multiplication factor ----------------------*/
 277:Src/system_stm32f0xx.c ****       pllmull = RCC->CFGR & RCC_CFGR_PLLMUL;
 139              		.loc 1 277 0
 140 0026 134B     		ldr	r3, .L12
 141              	.LVL6:
 142 0028 5C68     		ldr	r4, [r3, #4]
 143 002a A402     		lsl	r4, r4, #10
 144              	.LVL7:
 278:Src/system_stm32f0xx.c ****       pllsource = RCC->CFGR & RCC_CFGR_PLLSRC;
 145              		.loc 1 278 0
 146 002c 5A68     		ldr	r2, [r3, #4]
 147              	.LVL8:
 279:Src/system_stm32f0xx.c ****       pllmull = ( pllmull >> 18) + 2;
 148              		.loc 1 279 0
 149 002e 240F     		lsr	r4, r4, #28
 150 0030 0234     		add	r4, r4, #2
 151              	.LVL9:
 280:Src/system_stm32f0xx.c ****       predivfactor = (RCC->CFGR2 & RCC_CFGR2_PREDIV) + 1;
 152              		.loc 1 280 0
 153 0032 DB6A     		ldr	r3, [r3, #44]
 154 0034 0F21     		mov	r1, #15
 155 0036 1940     		and	r1, r3
 156 0038 0131     		add	r1, r1, #1
 157              	.LVL10:
 281:Src/system_stm32f0xx.c **** 
 282:Src/system_stm32f0xx.c ****       if (pllsource == RCC_CFGR_PLLSRC_HSE_PREDIV)
 158              		.loc 1 282 0
 159 003a D303     		lsl	r3, r2, #15
 160 003c 06D5     		bpl	.L10
 283:Src/system_stm32f0xx.c ****       {
 284:Src/system_stm32f0xx.c ****         /* HSE used as PLL clock source : SystemCoreClock = HSE/PREDIV * PLLMUL */
 285:Src/system_stm32f0xx.c ****         SystemCoreClock = (HSE_VALUE/predivfactor) * pllmull;
 161              		.loc 1 285 0
 162 003e 0E48     		ldr	r0, .L12+4
 163 0040 FFF7FEFF 		bl	__aeabi_uidiv
 164              	.LVL11:
 165 0044 4443     		mul	r4, r0
 166              	.LVL12:
 167 0046 0D4B     		ldr	r3, .L12+8
 168 0048 1C60     		str	r4, [r3]
 169 004a 07E0     		b	.L9
 170              	.LVL13:
 171              	.L10:
 286:Src/system_stm32f0xx.c ****       }
 287:Src/system_stm32f0xx.c **** #if defined(STM32F042x6) || defined(STM32F048xx) || defined(STM32F072xB) || defined(STM32F078xx) ||
 288:Src/system_stm32f0xx.c ****       else if (pllsource == RCC_CFGR_PLLSRC_HSI48_PREDIV)
ARM GAS  /tmp/ccEE3Ync.s 			page 9


 289:Src/system_stm32f0xx.c ****       {
 290:Src/system_stm32f0xx.c ****         /* HSI48 used as PLL clock source : SystemCoreClock = HSI48/PREDIV * PLLMUL */
 291:Src/system_stm32f0xx.c ****         SystemCoreClock = (HSI48_VALUE/predivfactor) * pllmull;
 292:Src/system_stm32f0xx.c ****       }
 293:Src/system_stm32f0xx.c **** #endif /* STM32F042x6 || STM32F048xx || STM32F072xB || STM32F078xx || STM32F091xC || STM32F098xx */
 294:Src/system_stm32f0xx.c ****       else
 295:Src/system_stm32f0xx.c ****       {
 296:Src/system_stm32f0xx.c **** #if defined(STM32F042x6) || defined(STM32F048xx)  || defined(STM32F070x6) \
 297:Src/system_stm32f0xx.c ****  || defined(STM32F078xx) || defined(STM32F071xB)  || defined(STM32F072xB) \
 298:Src/system_stm32f0xx.c ****  || defined(STM32F070xB) || defined(STM32F091xC) || defined(STM32F098xx)  || defined(STM32F030xC)
 299:Src/system_stm32f0xx.c ****         /* HSI used as PLL clock source : SystemCoreClock = HSI/PREDIV * PLLMUL */
 300:Src/system_stm32f0xx.c ****         SystemCoreClock = (HSI_VALUE/predivfactor) * pllmull;
 301:Src/system_stm32f0xx.c **** #else
 302:Src/system_stm32f0xx.c ****         /* HSI used as PLL clock source : SystemCoreClock = HSI/2 * PLLMUL */
 303:Src/system_stm32f0xx.c ****         SystemCoreClock = (HSI_VALUE >> 1) * pllmull;
 172              		.loc 1 303 0
 173 004c 0C48     		ldr	r0, .L12+12
 174 004e 4443     		mul	r4, r0
 175              	.LVL14:
 176 0050 0A4B     		ldr	r3, .L12+8
 177 0052 1C60     		str	r4, [r3]
 178 0054 02E0     		b	.L9
 179              	.LVL15:
 180              	.L11:
 304:Src/system_stm32f0xx.c **** #endif /* STM32F042x6 || STM32F048xx || STM32F070x6 || 
 305:Src/system_stm32f0xx.c ****           STM32F071xB || STM32F072xB || STM32F078xx || STM32F070xB ||
 306:Src/system_stm32f0xx.c ****           STM32F091xC || STM32F098xx || STM32F030xC */
 307:Src/system_stm32f0xx.c ****       }
 308:Src/system_stm32f0xx.c ****       break;
 309:Src/system_stm32f0xx.c ****     default: /* HSI used as system clock */
 310:Src/system_stm32f0xx.c ****       SystemCoreClock = HSI_VALUE;
 181              		.loc 1 310 0
 182 0056 084A     		ldr	r2, .L12+4
 183 0058 084B     		ldr	r3, .L12+8
 184              	.LVL16:
 185 005a 1A60     		str	r2, [r3]
 186              	.LVL17:
 187              	.L9:
 311:Src/system_stm32f0xx.c ****       break;
 312:Src/system_stm32f0xx.c ****   }
 313:Src/system_stm32f0xx.c ****   /* Compute HCLK clock frequency ----------------*/
 314:Src/system_stm32f0xx.c ****   /* Get HCLK prescaler */
 315:Src/system_stm32f0xx.c ****   tmp = AHBPrescTable[((RCC->CFGR & RCC_CFGR_HPRE) >> 4)];
 188              		.loc 1 315 0
 189 005c 054B     		ldr	r3, .L12
 190 005e 5B68     		ldr	r3, [r3, #4]
 191 0060 1B06     		lsl	r3, r3, #24
 192 0062 1B0F     		lsr	r3, r3, #28
 193 0064 074A     		ldr	r2, .L12+16
 194 0066 D35C     		ldrb	r3, [r2, r3]
 195              	.LVL18:
 316:Src/system_stm32f0xx.c ****   /* HCLK clock frequency */
 317:Src/system_stm32f0xx.c ****   SystemCoreClock >>= tmp;
 196              		.loc 1 317 0
 197 0068 044A     		ldr	r2, .L12+8
 198 006a 1168     		ldr	r1, [r2]
 199 006c D940     		lsr	r1, r1, r3
ARM GAS  /tmp/ccEE3Ync.s 			page 10


 200 006e 1160     		str	r1, [r2]
 201              	.LBE2:
 318:Src/system_stm32f0xx.c **** }
 202              		.loc 1 318 0
 203              		@ sp needed
 204 0070 10BD     		pop	{r4, pc}
 205              	.L13:
 206 0072 C046     		.align	2
 207              	.L12:
 208 0074 00100240 		.word	1073876992
 209 0078 00127A00 		.word	8000000
 210 007c 00000000 		.word	.LANCHOR0
 211 0080 00093D00 		.word	4000000
 212 0084 00000000 		.word	.LANCHOR1
 213              		.cfi_endproc
 214              	.LFE35:
 215              		.cantunwind
 216              		.fnend
 218              		.global	APBPrescTable
 219              		.global	AHBPrescTable
 220              		.global	SystemCoreClock
 221              		.section	.rodata.AHBPrescTable,"a",%progbits
 222              		.align	2
 223              		.set	.LANCHOR1,. + 0
 226              	AHBPrescTable:
 227 0000 00       		.byte	0
 228 0001 00       		.byte	0
 229 0002 00       		.byte	0
 230 0003 00       		.byte	0
 231 0004 00       		.byte	0
 232 0005 00       		.byte	0
 233 0006 00       		.byte	0
 234 0007 00       		.byte	0
 235 0008 01       		.byte	1
 236 0009 02       		.byte	2
 237 000a 03       		.byte	3
 238 000b 04       		.byte	4
 239 000c 06       		.byte	6
 240 000d 07       		.byte	7
 241 000e 08       		.byte	8
 242 000f 09       		.byte	9
 243              		.section	.rodata.APBPrescTable,"a",%progbits
 244              		.align	2
 247              	APBPrescTable:
 248 0000 00       		.byte	0
 249 0001 00       		.byte	0
 250 0002 00       		.byte	0
 251 0003 00       		.byte	0
 252 0004 01       		.byte	1
 253 0005 02       		.byte	2
 254 0006 03       		.byte	3
 255 0007 04       		.byte	4
 256              		.section	.data.SystemCoreClock,"aw",%progbits
 257              		.align	2
 258              		.set	.LANCHOR0,. + 0
 261              	SystemCoreClock:
 262 0000 00127A00 		.word	8000000
ARM GAS  /tmp/ccEE3Ync.s 			page 11


 263              		.text
 264              	.Letext0:
 265              		.file 2 "/usr/include/newlib/machine/_default_types.h"
 266              		.file 3 "/usr/include/newlib/sys/_stdint.h"
 267              		.file 4 "Drivers/CMSIS/Device/ST/STM32F0xx/Include/stm32f051x8.h"
 268              		.file 5 "Drivers/CMSIS/Device/ST/STM32F0xx/Include/stm32f0xx.h"
ARM GAS  /tmp/ccEE3Ync.s 			page 12


DEFINED SYMBOLS
                            *ABS*:0000000000000000 system_stm32f0xx.c
     /tmp/ccEE3Ync.s:18     .text.SystemInit:0000000000000000 $t
     /tmp/ccEE3Ync.s:23     .text.SystemInit:0000000000000000 SystemInit
     /tmp/ccEE3Ync.s:78     .text.SystemInit:0000000000000048 $d
       .ARM.exidx.text.SystemInit:0000000000000000 $d
     /tmp/ccEE3Ync.s:91     .text.SystemCoreClockUpdate:0000000000000000 $t
     /tmp/ccEE3Ync.s:96     .text.SystemCoreClockUpdate:0000000000000000 SystemCoreClockUpdate
     /tmp/ccEE3Ync.s:208    .text.SystemCoreClockUpdate:0000000000000074 $d
.ARM.exidx.text.SystemCoreClockUpdate:0000000000000000 $d
     /tmp/ccEE3Ync.s:247    .rodata.APBPrescTable:0000000000000000 APBPrescTable
     /tmp/ccEE3Ync.s:226    .rodata.AHBPrescTable:0000000000000000 AHBPrescTable
     /tmp/ccEE3Ync.s:261    .data.SystemCoreClock:0000000000000000 SystemCoreClock
     /tmp/ccEE3Ync.s:222    .rodata.AHBPrescTable:0000000000000000 $d
     /tmp/ccEE3Ync.s:244    .rodata.APBPrescTable:0000000000000000 $d
     /tmp/ccEE3Ync.s:257    .data.SystemCoreClock:0000000000000000 $d
                     .debug_frame:0000000000000010 $d

UNDEFINED SYMBOLS
__aeabi_uidiv
